#
# There is insufficient memory for the Java Runtime Environment to continue.
# Native memory allocation (malloc) failed to allocate 185616 bytes. Error detail: Chunk::new
# Possible reasons:
#   The system is out of physical RAM or swap space
#   This process is running with CompressedOops enabled, and the Java Heap may be blocking the growth of the native heap
# Possible solutions:
#   Reduce memory load on the system
#   Increase physical memory or swap space
#   Check if swap backing store is full
#   Decrease Java heap size (-Xmx/-Xms)
#   Decrease number of Java threads
#   Decrease Java thread stack sizes (-Xss)
#   Set larger code cache with -XX:ReservedCodeCacheSize=
#   JVM is running with Unscaled Compressed Oops mode in which the Java heap is
#     placed in the first 4GB address space. The Java Heap base address is the
#     maximum limit for the native heap growth. Please use -XX:HeapBaseMinAddress
#     to set the Java Heap base and to place the Java Heap above 4GB virtual address.
# This output file may be truncated or incomplete.
#
#  Out of Memory Error (arena.cpp:168), pid=90592, tid=89384
#
# JRE version: OpenJDK Runtime Environment Temurin-21.0.7+6 (21.0.7+6) (build 21.0.7+6-LTS)
# Java VM: OpenJDK 64-Bit Server VM Temurin-21.0.7+6 (21.0.7+6-LTS, mixed mode, sharing, tiered, compressed oops, compressed class ptrs, parallel gc, windows-amd64)
# No core dump will be written. Minidumps are not enabled by default on client versions of Windows
#

---------------  S U M M A R Y ------------

Command Line: --add-modules=ALL-SYSTEM --add-opens=java.base/java.util=ALL-UNNAMED --add-opens=java.base/java.lang=ALL-UNNAMED --add-opens=java.base/sun.nio.fs=ALL-UNNAMED -Declipse.application=org.eclipse.jdt.ls.core.id1 -Dosgi.bundles.defaultStartLevel=4 -Declipse.product=org.eclipse.jdt.ls.core.product -Djava.import.generatesMetadataFilesAtProjectRoot=false -DDetectVMInstallationsJob.disabled=true -Dfile.encoding=utf8 -XX:+UseParallelGC -XX:GCTimeRatio=4 -XX:AdaptiveSizePolicyWeight=90 -Dsun.zip.disableMemoryMapping=true -Xmx2G -Xms100m -Xlog:disable -javaagent:c:\Users\BM COMPUTERS\.vscode\extensions\redhat.java-1.43.1-win32-x64\lombok\lombok-1.18.39-4050.jar -XX:+HeapDumpOnOutOfMemoryError -XX:HeapDumpPath=c:\Users\BM COMPUTERS\AppData\Roaming\Code\User\workspaceStorage\f09e9a9544a228f8012ab152b426607c\redhat.java -Daether.dependencyCollector.impl=bf c:\Users\BM COMPUTERS\.vscode\extensions\redhat.java-1.43.1-win32-x64\server\plugins\org.eclipse.equinox.launcher_1.7.0.v20250519-0528.jar -configuration c:\Users\BM COMPUTERS\AppData\Roaming\Code\User\globalStorage\redhat.java\1.43.1\config_win -data c:\Users\BM COMPUTERS\AppData\Roaming\Code\User\workspaceStorage\f09e9a9544a228f8012ab152b426607c\redhat.java\jdt_ws --pipe=\\.\pipe\lsp-0910e69045ef0115aab288b23ec5abab-sock

Host: AMD Ryzen 5 PRO 2500U w/ Radeon Vega Mobile Gfx, 8 cores, 6G,  Windows 11 , 64 bit Build 27902 (10.0.27902.1000)
Time: Sun Jul 20 16:52:07 2025 Bangladesh Standard Time elapsed time: 16.745732 seconds (0d 0h 0m 16s)

---------------  T H R E A D  ---------------

Current thread (0x0000008daca80e60):  JavaThread "C2 CompilerThread0" daemon [_thread_in_native, id=89384, stack(0x0000008df2300000,0x0000008df2400000) (1024K)]


Current CompileTask:
C2:16745 8400       4       org.eclipse.jdt.internal.core.search.indexing.BinaryIndexer::addBinaryAnnotation (87 bytes)

Stack: [0x0000008df2300000,0x0000008df2400000]
Native frames: (J=compiled Java code, j=interpreted, Vv=VM code, C=native code)
V  [jvm.dll+0x6ce119]
V  [jvm.dll+0x8a84a1]
V  [jvm.dll+0x8aa9ce]
V  [jvm.dll+0x8ab0b3]
V  [jvm.dll+0x27f8a6]
V  [jvm.dll+0xc507d]
V  [jvm.dll+0xc55b3]
V  [jvm.dll+0x3b68f2]
V  [jvm.dll+0x1dfcaa]
V  [jvm.dll+0x247c42]
V  [jvm.dll+0x2470cf]
V  [jvm.dll+0x1c760e]
V  [jvm.dll+0x25695a]
V  [jvm.dll+0x254efa]
V  [jvm.dll+0x3f03f6]
V  [jvm.dll+0x851f6b]
V  [jvm.dll+0x6cc7dd]
C  [ucrtbase.dll+0x87430]
C  [KERNEL32.DLL+0x35f37]
C  [ntdll.dll+0x58860]


---------------  P R O C E S S  ---------------

Threads class SMR info:
_java_thread_list=0x0000008dfa1596d0, length=46, elements={
0x0000008d98416300, 0x0000008daca59430, 0x0000008daca5c110, 0x0000008daca666a0,
0x0000008daca670f0, 0x0000008daca69000, 0x0000008daca70c50, 0x0000008daca80e60,
0x0000008daca82510, 0x0000008d98aa6500, 0x0000008df275fb80, 0x0000008df35c1e20,
0x0000008df30ad380, 0x0000008df353d4d0, 0x0000008df353db30, 0x0000008df3a34bf0,
0x0000008df2a6c540, 0x0000008df3abc040, 0x0000008df3abcd60, 0x0000008df3abd3f0,
0x0000008df3abac90, 0x0000008df3abb9b0, 0x0000008df3abb320, 0x0000008df3abc6d0,
0x0000008df3ab9f70, 0x0000008df3aba600, 0x0000008df702acc0, 0x0000008df702b350,
0x0000008df702b9e0, 0x0000008df7028560, 0x0000008df702c070, 0x0000008df7029910,
0x0000008df7028bf0, 0x0000008df7029fa0, 0x0000008df702a630, 0x0000008df702c700,
0x0000008df7029280, 0x0000008df702e140, 0x0000008df702ee60, 0x0000008df702f4f0,
0x0000008df63ef170, 0x0000008df63ee450, 0x0000008df63ef800, 0x0000008df63eeae0,
0x0000008df63f0bb0, 0x0000008df63efe90
}

Java Threads: ( => current thread )
  0x0000008d98416300 JavaThread "main"                              [_thread_blocked, id=11896, stack(0x0000008d98900000,0x0000008d98a00000) (1024K)]
  0x0000008daca59430 JavaThread "Reference Handler"          daemon [_thread_blocked, id=77716, stack(0x0000008dacca0000,0x0000008dacda0000) (1024K)]
  0x0000008daca5c110 JavaThread "Finalizer"                  daemon [_thread_blocked, id=83260, stack(0x0000008dacda0000,0x0000008dacea0000) (1024K)]
  0x0000008daca666a0 JavaThread "Signal Dispatcher"          daemon [_thread_blocked, id=90944, stack(0x0000008dacea0000,0x0000008dacfa0000) (1024K)]
  0x0000008daca670f0 JavaThread "Attach Listener"            daemon [_thread_blocked, id=90880, stack(0x0000008df2000000,0x0000008df2100000) (1024K)]
  0x0000008daca69000 JavaThread "Service Thread"             daemon [_thread_blocked, id=90868, stack(0x0000008df2100000,0x0000008df2200000) (1024K)]
  0x0000008daca70c50 JavaThread "Monitor Deflation Thread"   daemon [_thread_blocked, id=90232, stack(0x0000008df2200000,0x0000008df2300000) (1024K)]
=>0x0000008daca80e60 JavaThread "C2 CompilerThread0"         daemon [_thread_in_native, id=89384, stack(0x0000008df2300000,0x0000008df2400000) (1024K)]
  0x0000008daca82510 JavaThread "C1 CompilerThread0"         daemon [_thread_blocked, id=88564, stack(0x0000008df2400000,0x0000008df2500000) (1024K)]
  0x0000008d98aa6500 JavaThread "Common-Cleaner"             daemon [_thread_blocked, id=87752, stack(0x0000008df2900000,0x0000008df2a00000) (1024K)]
  0x0000008df275fb80 JavaThread "Notification Thread"        daemon [_thread_blocked, id=23080, stack(0x0000008df3200000,0x0000008df3300000) (1024K)]
  0x0000008df35c1e20 JavaThread "Active Thread: Equinox Container: 9094a72c-49d6-4799-a126-30c32eace53a"        [_thread_blocked, id=90972, stack(0x0000008df4ad0000,0x0000008df4bd0000) (1024K)]
  0x0000008df30ad380 JavaThread "Refresh Thread: Equinox Container: 9094a72c-49d6-4799-a126-30c32eace53a" daemon [_thread_blocked, id=18940, stack(0x0000008df4cd0000,0x0000008df4dd0000) (1024K)]
  0x0000008df353d4d0 JavaThread "Framework Event Dispatcher: Equinox Container: 9094a72c-49d6-4799-a126-30c32eace53a" daemon [_thread_blocked, id=9356, stack(0x0000008df4dd0000,0x0000008df4ed0000) (1024K)]
  0x0000008df353db30 JavaThread "Start Level: Equinox Container: 9094a72c-49d6-4799-a126-30c32eace53a" daemon [_thread_blocked, id=3792, stack(0x0000008df4ed0000,0x0000008df4fd0000) (1024K)]
  0x0000008df3a34bf0 JavaThread "Bundle File Closer"         daemon [_thread_blocked, id=21864, stack(0x0000008df4fd0000,0x0000008df50d0000) (1024K)]
  0x0000008df2a6c540 JavaThread "SCR Component Actor"        daemon [_thread_blocked, id=9120, stack(0x0000008df50d0000,0x0000008df51d0000) (1024K)]
  0x0000008df3abc040 JavaThread "Worker-JM"                         [_thread_blocked, id=89584, stack(0x0000008df52d0000,0x0000008df53d0000) (1024K)]
  0x0000008df3abcd60 JavaThread "JNA Cleaner"                daemon [_thread_blocked, id=89220, stack(0x0000008df49d0000,0x0000008df4ad0000) (1024K)]
  0x0000008df3abd3f0 JavaThread "Worker-0: Java indexing... "        [_thread_blocked, id=85528, stack(0x0000008df53d0000,0x0000008df54d0000) (1024K)]
  0x0000008df3abac90 JavaThread "Worker-1"                          [_thread_blocked, id=90724, stack(0x0000008df54d0000,0x0000008df55d0000) (1024K)]
  0x0000008df3abb9b0 JavaThread "Java indexing"              daemon [_thread_blocked, id=48380, stack(0x0000008df7570000,0x0000008df7670000) (1024K)]
  0x0000008df3abb320 JavaThread "Worker-2"                          [_thread_blocked, id=5764, stack(0x0000008df7770000,0x0000008df7870000) (1024K)]
  0x0000008df3abc6d0 JavaThread "Worker-3"                          [_thread_blocked, id=5272, stack(0x0000008df7870000,0x0000008df7970000) (1024K)]
  0x0000008df3ab9f70 JavaThread "Worker-4"                          [_thread_blocked, id=90368, stack(0x0000008df7b70000,0x0000008df7c70000) (1024K)]
  0x0000008df3aba600 JavaThread "Worker-5: Building"                [_thread_blocked, id=89564, stack(0x0000008df8c40000,0x0000008df8d40000) (1024K)]
  0x0000008df702acc0 JavaThread "Thread-2"                   daemon [_thread_in_native, id=84360, stack(0x0000008df8d40000,0x0000008df8e40000) (1024K)]
  0x0000008df702b350 JavaThread "Thread-3"                   daemon [_thread_in_native, id=91016, stack(0x0000008df8e40000,0x0000008df8f40000) (1024K)]
  0x0000008df702b9e0 JavaThread "Thread-4"                   daemon [_thread_in_native, id=90508, stack(0x0000008df8f40000,0x0000008df9040000) (1024K)]
  0x0000008df7028560 JavaThread "Thread-5"                   daemon [_thread_in_native, id=4808, stack(0x0000008df9040000,0x0000008df9140000) (1024K)]
  0x0000008df702c070 JavaThread "Thread-6"                   daemon [_thread_in_native, id=90304, stack(0x0000008df9140000,0x0000008df9240000) (1024K)]
  0x0000008df7029910 JavaThread "Thread-7"                   daemon [_thread_in_native, id=84028, stack(0x0000008df9240000,0x0000008df9340000) (1024K)]
  0x0000008df7028bf0 JavaThread "Thread-8"                   daemon [_thread_in_native, id=5888, stack(0x0000008df9340000,0x0000008df9440000) (1024K)]
  0x0000008df7029fa0 JavaThread "Thread-9"                   daemon [_thread_in_native, id=90580, stack(0x0000008df9440000,0x0000008df9540000) (1024K)]
  0x0000008df702a630 JavaThread "Thread-10"                  daemon [_thread_in_native, id=63560, stack(0x0000008df9540000,0x0000008df9640000) (1024K)]
  0x0000008df702c700 JavaThread "pool-2-thread-1"                   [_thread_blocked, id=90388, stack(0x0000008df9740000,0x0000008df9840000) (1024K)]
  0x0000008df7029280 JavaThread "WorkspaceEventsHandler"            [_thread_blocked, id=3404, stack(0x0000008df9840000,0x0000008df9940000) (1024K)]
  0x0000008df702e140 JavaThread "pool-1-thread-1"                   [_thread_blocked, id=89996, stack(0x0000008df9940000,0x0000008df9a40000) (1024K)]
  0x0000008df702ee60 JavaThread "LocalFile Deleter"          daemon [_thread_blocked, id=90772, stack(0x0000008df51d0000,0x0000008df52d0000) (1024K)]
  0x0000008df702f4f0 JavaThread "LocalFile Deleter"          daemon [_thread_blocked, id=77064, stack(0x0000008dfaa10000,0x0000008dfab10000) (1024K)]
  0x0000008df63ef170 JavaThread "LocalFile Deleter"          daemon [_thread_blocked, id=90052, stack(0x0000008dfab10000,0x0000008dfac10000) (1024K)]
  0x0000008df63ee450 JavaThread "LocalFile Deleter"          daemon [_thread_blocked, id=27736, stack(0x0000008dfac10000,0x0000008dfad10000) (1024K)]
  0x0000008df63ef800 JavaThread "LocalFile Deleter"          daemon [_thread_blocked, id=71692, stack(0x0000008dfad10000,0x0000008dfae10000) (1024K)]
  0x0000008df63eeae0 JavaThread "LocalFile Deleter"          daemon [_thread_blocked, id=88980, stack(0x0000008dfae10000,0x0000008dfaf10000) (1024K)]
  0x0000008df63f0bb0 JavaThread "LocalFile Deleter"          daemon [_thread_blocked, id=89476, stack(0x0000008dfaf10000,0x0000008dfb010000) (1024K)]
  0x0000008df63efe90 JavaThread "LocalFile Deleter"          daemon [_thread_blocked, id=85152, stack(0x0000008dfb010000,0x0000008dfb110000) (1024K)]
Total: 46

Other Threads:
  0x0000008d98afdae0 VMThread "VM Thread"                           [id=89600, stack(0x0000008dacba0000,0x0000008dacca0000) (1024K)]
  0x0000008dac97ca00 WatcherThread "VM Periodic Task Thread"        [id=22972, stack(0x0000008dacaa0000,0x0000008dacba0000) (1024K)]
  0x0000008d98a566a0 WorkerThread "GC Thread#0"                     [id=66744, stack(0x0000008da80f0000,0x0000008da81f0000) (1024K)]
  0x0000008df2eabe50 WorkerThread "GC Thread#1"                     [id=89432, stack(0x0000008df3400000,0x0000008df3500000) (1024K)]
  0x0000008df311cf30 WorkerThread "GC Thread#2"                     [id=91132, stack(0x0000008df44d0000,0x0000008df45d0000) (1024K)]
  0x0000008df311d2d0 WorkerThread "GC Thread#3"                     [id=72772, stack(0x0000008df45d0000,0x0000008df46d0000) (1024K)]
  0x0000008df2edcd10 WorkerThread "GC Thread#4"                     [id=89164, stack(0x0000008df46d0000,0x0000008df47d0000) (1024K)]
  0x0000008df2edd0b0 WorkerThread "GC Thread#5"                     [id=24300, stack(0x0000008df47d0000,0x0000008df48d0000) (1024K)]
  0x0000008df2edd450 WorkerThread "GC Thread#6"                     [id=7960, stack(0x0000008df48d0000,0x0000008df49d0000) (1024K)]
  0x0000008df375e8e0 WorkerThread "GC Thread#7"                     [id=90404, stack(0x0000008df4bd0000,0x0000008df4cd0000) (1024K)]
Total: 10

Threads with active compile tasks:
C2 CompilerThread0  16825 8400       4       org.eclipse.jdt.internal.core.search.indexing.BinaryIndexer::addBinaryAnnotation (87 bytes)
Total: 1

VM state: at safepoint (normal execution)

VM Mutex/Monitor currently owned by a thread:  ([mutex/lock_event])
[0x00007fff6600e308] Threads_lock - owner thread: 0x0000008d98afdae0
[0x00007fff6600e408] Heap_lock - owner thread: 0x0000008df3abb9b0

Heap address: 0x0000000080000000, size: 2048 MB, Compressed Oops mode: 32-bit

CDS archive(s) mapped at: [0x0000008dad000000-0x0000008dadba0000-0x0000008dadba0000), size 12189696, SharedBaseAddress: 0x0000008dad000000, ArchiveRelocationMode: 1.
Compressed class space mapped at: 0x0000008dae000000-0x0000008dee000000, reserved size: 1073741824
Narrow klass base: 0x0000008dad000000, Narrow klass shift: 0, Narrow klass range: 0x100000000

GC Precious Log:
 CardTable entry size: 512
 CPUs: 8 total, 8 available
 Memory: 7101M
 Large Page Support: Disabled
 NUMA Support: Disabled
 Compressed Oops: Enabled (32-bit)
 Alignments: Space 512K, Generation 512K, Heap 2M
 Heap Min Capacity: 100M
 Heap Initial Capacity: 100M
 Heap Max Capacity: 2G
 Pre-touch: Disabled
 Parallel Workers: 8

Heap:
 PSYoungGen      total 9728K, used 9396K [0x00000000d5580000, 0x00000000d6100000, 0x0000000100000000)
  eden space 7680K, 100% used [0x00000000d5580000,0x00000000d5d00000,0x00000000d5d00000)
  from space 2048K, 83% used [0x00000000d5f00000,0x00000000d60ad3b8,0x00000000d6100000)
  to   space 2048K, 78% used [0x00000000d5d00000,0x00000000d5e91350,0x00000000d5f00000)
 ParOldGen       total 252416K, used 251987K [0x0000000080000000, 0x000000008f680000, 0x00000000d5580000)
  object space 252416K, 99% used [0x0000000080000000,0x000000008f614c78,0x000000008f680000)
 Metaspace       used 50616K, committed 51840K, reserved 1114112K
  class space    used 5294K, committed 5888K, reserved 1048576K

Card table byte_map: [0x0000008da7ce0000,0x0000008da80f0000] _byte_map_base: 0x0000008da78e0000

Marking Bits: (ParMarkBitMap*) 0x00007fff660131f0
 Begin Bits: [0x0000008da84a0000, 0x0000008daa4a0000)
 End Bits:   [0x0000008daa4a0000, 0x0000008dac4a0000)

Polling page: 0x0000008d98380000

Metaspace:

Usage:
  Non-class:     44.26 MB used.
      Class:      5.17 MB used.
       Both:     49.43 MB used.

Virtual space:
  Non-class space:       64.00 MB reserved,      44.88 MB ( 70%) committed,  1 nodes.
      Class space:        1.00 GB reserved,       5.75 MB ( <1%) committed,  1 nodes.
             Both:        1.06 GB reserved,      50.62 MB (  5%) committed. 

Chunk freelists:
   Non-Class:  2.84 MB
       Class:  10.22 MB
        Both:  13.06 MB

MaxMetaspaceSize: unlimited
CompressedClassSpaceSize: 1.00 GB
Initial GC threshold: 21.00 MB
Current GC threshold: 58.38 MB
CDS: on
 - commit_granule_bytes: 65536.
 - commit_granule_words: 8192.
 - virtual_space_node_default_size: 8388608.
 - enlarge_chunks_in_place: 1.
 - use_allocation_guard: 0.


Internal statistics:

num_allocs_failed_limit: 6.
num_arena_births: 872.
num_arena_deaths: 14.
num_vsnodes_births: 2.
num_vsnodes_deaths: 0.
num_space_committed: 810.
num_space_uncommitted: 0.
num_chunks_returned_to_freelist: 20.
num_chunks_taken_from_freelist: 3115.
num_chunk_merges: 7.
num_chunk_splits: 1953.
num_chunks_enlarged: 1160.
num_inconsistent_stats: 0.

CodeHeap 'non-profiled nmethods': size=120000Kb used=5042Kb max_used=5042Kb free=114957Kb
 bounds [0x0000008da05d0000, 0x0000008da0ac0000, 0x0000008da7b00000]
CodeHeap 'profiled nmethods': size=120000Kb used=16138Kb max_used=16138Kb free=103862Kb
 bounds [0x0000008d98b00000, 0x0000008d99ad0000, 0x0000008da0030000]
CodeHeap 'non-nmethods': size=5760Kb used=1394Kb max_used=1506Kb free=4365Kb
 bounds [0x0000008da0030000, 0x0000008da02a0000, 0x0000008da05d0000]
 total_blobs=8517 nmethods=7818 adapters=605
 compilation: enabled
              stopped_count=0, restarted_count=0
 full_count=0

Compilation events (20 events):
Event: 16.575 Thread 0x0000008daca82510 nmethod 8391 0x0000008d99abbe90 code [0x0000008d99abc040, 0x0000008d99abc230]
Event: 16.588 Thread 0x0000008daca82510 8392       3       org.eclipse.core.internal.utils.FileUtil::attributesToFileInfo (148 bytes)
Event: 16.589 Thread 0x0000008daca82510 nmethod 8392 0x0000008d99abc310 code [0x0000008d99abc5e0, 0x0000008d99abd268]
Event: 16.589 Thread 0x0000008daca82510 8393       3       org.eclipse.core.resources.ResourceAttributes::isExecutable (13 bytes)
Event: 16.589 Thread 0x0000008daca82510 nmethod 8393 0x0000008d99abd710 code [0x0000008d99abd8c0, 0x0000008d99abda38]
Event: 16.598 Thread 0x0000008daca80e60 8394       4       java.lang.invoke.LambdaForm$MH/0x0000008dae001c00::invoke (25 bytes)
Event: 16.604 Thread 0x0000008daca80e60 nmethod 8394 0x0000008da0aba590 code [0x0000008da0aba740, 0x0000008da0aba870]
Event: 16.616 Thread 0x0000008daca80e60 8395       4       java.util.stream.ReferencePipeline$2$1::begin (13 bytes)
Event: 16.617 Thread 0x0000008daca80e60 nmethod 8395 0x0000008da0aba990 code [0x0000008da0abab20, 0x0000008da0ababd8]
Event: 16.642 Thread 0x0000008daca80e60 8396       4       java.util.ArrayList::toArray (57 bytes)
Event: 16.648 Thread 0x0000008daca80e60 nmethod 8396 0x0000008da0abac90 code [0x0000008da0abae40, 0x0000008da0abb360]
Event: 16.665 Thread 0x0000008daca80e60 8397       4       org.eclipse.jdt.internal.compiler.classfmt.AnnotationInfo::<init> (32 bytes)
Event: 16.667 Thread 0x0000008daca80e60 nmethod 8397 0x0000008da0abb510 code [0x0000008da0abb6a0, 0x0000008da0abb7b0]
Event: 16.667 Thread 0x0000008daca80e60 8398       4       org.eclipse.jdt.core.Signature::toCharArray (83 bytes)
Event: 16.673 Thread 0x0000008daca80e60 nmethod 8398 0x0000008da0abb890 code [0x0000008da0abba60, 0x0000008da0abc020]
Event: 16.673 Thread 0x0000008daca80e60 8399       4       org.eclipse.jdt.core.Signature::appendTypeSignature (513 bytes)
Event: 16.675 Thread 0x0000008daca80e60 nmethod 8399 0x0000008da0abc410 code [0x0000008da0abc5c0, 0x0000008da0abc728]
Event: 16.675 Thread 0x0000008daca80e60 8400       4       org.eclipse.jdt.internal.core.search.indexing.BinaryIndexer::addBinaryAnnotation (87 bytes)
Event: 16.689 Thread 0x0000008daca82510 8402       3       org.eclipse.core.runtime.SubMonitor::split (72 bytes)
Event: 16.690 Thread 0x0000008daca82510 nmethod 8402 0x0000008d99abdb10 code [0x0000008d99abdd40, 0x0000008d99abe470]

GC Heap History (20 events):
Event: 16.324 GC heap before
{Heap before GC invocations=111 (full 2):
 PSYoungGen      total 9728K, used 9615K [0x00000000d5580000, 0x00000000d6100000, 0x0000000100000000)
  eden space 7680K, 100% used [0x00000000d5580000,0x00000000d5d00000,0x00000000d5d00000)
  from space 2048K, 94% used [0x00000000d5f00000,0x00000000d60e3cb8,0x00000000d6100000)
  to   space 2048K, 0% used [0x00000000d5d00000,0x00000000d5d00000,0x00000000d5f00000)
 ParOldGen       total 234496K, used 234128K [0x0000000080000000, 0x000000008e500000, 0x00000000d5580000)
  object space 234496K, 99% used [0x0000000080000000,0x000000008e4a40d8,0x000000008e500000)
 Metaspace       used 50603K, committed 51840K, reserved 1114112K
  class space    used 5294K, committed 5888K, reserved 1048576K
}
Event: 16.327 GC heap after
{Heap after GC invocations=111 (full 2):
 PSYoungGen      total 9728K, used 1664K [0x00000000d5580000, 0x00000000d6100000, 0x0000000100000000)
  eden space 7680K, 0% used [0x00000000d5580000,0x00000000d5580000,0x00000000d5d00000)
  from space 2048K, 81% used [0x00000000d5d00000,0x00000000d5ea0000,0x00000000d5f00000)
  to   space 2048K, 0% used [0x00000000d5f00000,0x00000000d5f00000,0x00000000d6100000)
 ParOldGen       total 236032K, used 235921K [0x0000000080000000, 0x000000008e680000, 0x00000000d5580000)
  object space 236032K, 99% used [0x0000000080000000,0x000000008e664400,0x000000008e680000)
 Metaspace       used 50603K, committed 51840K, reserved 1114112K
  class space    used 5294K, committed 5888K, reserved 1048576K
}
Event: 16.359 GC heap before
{Heap before GC invocations=112 (full 2):
 PSYoungGen      total 9728K, used 9344K [0x00000000d5580000, 0x00000000d6100000, 0x0000000100000000)
  eden space 7680K, 100% used [0x00000000d5580000,0x00000000d5d00000,0x00000000d5d00000)
  from space 2048K, 81% used [0x00000000d5d00000,0x00000000d5ea0000,0x00000000d5f00000)
  to   space 2048K, 0% used [0x00000000d5f00000,0x00000000d5f00000,0x00000000d6100000)
 ParOldGen       total 236032K, used 235921K [0x0000000080000000, 0x000000008e680000, 0x00000000d5580000)
  object space 236032K, 99% used [0x0000000080000000,0x000000008e664400,0x000000008e680000)
 Metaspace       used 50603K, committed 51840K, reserved 1114112K
  class space    used 5294K, committed 5888K, reserved 1048576K
}
Event: 16.364 GC heap after
{Heap after GC invocations=112 (full 2):
 PSYoungGen      total 9728K, used 1771K [0x00000000d5580000, 0x00000000d6100000, 0x0000000100000000)
  eden space 7680K, 0% used [0x00000000d5580000,0x00000000d5580000,0x00000000d5d00000)
  from space 2048K, 86% used [0x00000000d5f00000,0x00000000d60bac18,0x00000000d6100000)
  to   space 2048K, 0% used [0x00000000d5d00000,0x00000000d5d00000,0x00000000d5f00000)
 ParOldGen       total 237568K, used 237539K [0x0000000080000000, 0x000000008e800000, 0x00000000d5580000)
  object space 237568K, 99% used [0x0000000080000000,0x000000008e7f8f48,0x000000008e800000)
 Metaspace       used 50603K, committed 51840K, reserved 1114112K
  class space    used 5294K, committed 5888K, reserved 1048576K
}
Event: 16.400 GC heap before
{Heap before GC invocations=113 (full 2):
 PSYoungGen      total 9728K, used 9451K [0x00000000d5580000, 0x00000000d6100000, 0x0000000100000000)
  eden space 7680K, 100% used [0x00000000d5580000,0x00000000d5d00000,0x00000000d5d00000)
  from space 2048K, 86% used [0x00000000d5f00000,0x00000000d60bac18,0x00000000d6100000)
  to   space 2048K, 0% used [0x00000000d5d00000,0x00000000d5d00000,0x00000000d5f00000)
 ParOldGen       total 237568K, used 237539K [0x0000000080000000, 0x000000008e800000, 0x00000000d5580000)
  object space 237568K, 99% used [0x0000000080000000,0x000000008e7f8f48,0x000000008e800000)
 Metaspace       used 50604K, committed 51840K, reserved 1114112K
  class space    used 5294K, committed 5888K, reserved 1048576K
}
Event: 16.403 GC heap after
{Heap after GC invocations=113 (full 2):
 PSYoungGen      total 9728K, used 1798K [0x00000000d5580000, 0x00000000d6100000, 0x0000000100000000)
  eden space 7680K, 0% used [0x00000000d5580000,0x00000000d5580000,0x00000000d5d00000)
  from space 2048K, 87% used [0x00000000d5d00000,0x00000000d5ec1980,0x00000000d5f00000)
  to   space 2048K, 0% used [0x00000000d5f00000,0x00000000d5f00000,0x00000000d6100000)
 ParOldGen       total 239616K, used 239162K [0x0000000080000000, 0x000000008ea00000, 0x00000000d5580000)
  object space 239616K, 99% used [0x0000000080000000,0x000000008e98e9d8,0x000000008ea00000)
 Metaspace       used 50604K, committed 51840K, reserved 1114112K
  class space    used 5294K, committed 5888K, reserved 1048576K
}
Event: 16.434 GC heap before
{Heap before GC invocations=114 (full 2):
 PSYoungGen      total 9728K, used 9478K [0x00000000d5580000, 0x00000000d6100000, 0x0000000100000000)
  eden space 7680K, 100% used [0x00000000d5580000,0x00000000d5d00000,0x00000000d5d00000)
  from space 2048K, 87% used [0x00000000d5d00000,0x00000000d5ec1980,0x00000000d5f00000)
  to   space 2048K, 0% used [0x00000000d5f00000,0x00000000d5f00000,0x00000000d6100000)
 ParOldGen       total 239616K, used 239162K [0x0000000080000000, 0x000000008ea00000, 0x00000000d5580000)
  object space 239616K, 99% used [0x0000000080000000,0x000000008e98e9d8,0x000000008ea00000)
 Metaspace       used 50604K, committed 51840K, reserved 1114112K
  class space    used 5294K, committed 5888K, reserved 1048576K
}
Event: 16.437 GC heap after
{Heap after GC invocations=114 (full 2):
 PSYoungGen      total 9728K, used 1874K [0x00000000d5580000, 0x00000000d6100000, 0x0000000100000000)
  eden space 7680K, 0% used [0x00000000d5580000,0x00000000d5580000,0x00000000d5d00000)
  from space 2048K, 91% used [0x00000000d5f00000,0x00000000d60d48d0,0x00000000d6100000)
  to   space 2048K, 0% used [0x00000000d5d00000,0x00000000d5d00000,0x00000000d5f00000)
 ParOldGen       total 241152K, used 240811K [0x0000000080000000, 0x000000008eb80000, 0x00000000d5580000)
  object space 241152K, 99% used [0x0000000080000000,0x000000008eb2ae30,0x000000008eb80000)
 Metaspace       used 50604K, committed 51840K, reserved 1114112K
  class space    used 5294K, committed 5888K, reserved 1048576K
}
Event: 16.465 GC heap before
{Heap before GC invocations=115 (full 2):
 PSYoungGen      total 9728K, used 9554K [0x00000000d5580000, 0x00000000d6100000, 0x0000000100000000)
  eden space 7680K, 100% used [0x00000000d5580000,0x00000000d5d00000,0x00000000d5d00000)
  from space 2048K, 91% used [0x00000000d5f00000,0x00000000d60d48d0,0x00000000d6100000)
  to   space 2048K, 0% used [0x00000000d5d00000,0x00000000d5d00000,0x00000000d5f00000)
 ParOldGen       total 241152K, used 240811K [0x0000000080000000, 0x000000008eb80000, 0x00000000d5580000)
  object space 241152K, 99% used [0x0000000080000000,0x000000008eb2ae30,0x000000008eb80000)
 Metaspace       used 50612K, committed 51840K, reserved 1114112K
  class space    used 5294K, committed 5888K, reserved 1048576K
}
Event: 16.469 GC heap after
{Heap after GC invocations=115 (full 2):
 PSYoungGen      total 9728K, used 1858K [0x00000000d5580000, 0x00000000d6100000, 0x0000000100000000)
  eden space 7680K, 0% used [0x00000000d5580000,0x00000000d5580000,0x00000000d5d00000)
  from space 2048K, 90% used [0x00000000d5d00000,0x00000000d5ed08e0,0x00000000d5f00000)
  to   space 2048K, 0% used [0x00000000d5f00000,0x00000000d5f00000,0x00000000d6100000)
 ParOldGen       total 242688K, used 242518K [0x0000000080000000, 0x000000008ed00000, 0x00000000d5580000)
  object space 242688K, 99% used [0x0000000080000000,0x000000008ecd5a58,0x000000008ed00000)
 Metaspace       used 50612K, committed 51840K, reserved 1114112K
  class space    used 5294K, committed 5888K, reserved 1048576K
}
Event: 16.492 GC heap before
{Heap before GC invocations=116 (full 2):
 PSYoungGen      total 9728K, used 9538K [0x00000000d5580000, 0x00000000d6100000, 0x0000000100000000)
  eden space 7680K, 100% used [0x00000000d5580000,0x00000000d5d00000,0x00000000d5d00000)
  from space 2048K, 90% used [0x00000000d5d00000,0x00000000d5ed08e0,0x00000000d5f00000)
  to   space 2048K, 0% used [0x00000000d5f00000,0x00000000d5f00000,0x00000000d6100000)
 ParOldGen       total 242688K, used 242518K [0x0000000080000000, 0x000000008ed00000, 0x00000000d5580000)
  object space 242688K, 99% used [0x0000000080000000,0x000000008ecd5a58,0x000000008ed00000)
 Metaspace       used 50612K, committed 51840K, reserved 1114112K
  class space    used 5294K, committed 5888K, reserved 1048576K
}
Event: 16.496 GC heap after
{Heap after GC invocations=116 (full 2):
 PSYoungGen      total 9728K, used 1798K [0x00000000d5580000, 0x00000000d6100000, 0x0000000100000000)
  eden space 7680K, 0% used [0x00000000d5580000,0x00000000d5580000,0x00000000d5d00000)
  from space 2048K, 87% used [0x00000000d5f00000,0x00000000d60c1b78,0x00000000d6100000)
  to   space 2048K, 0% used [0x00000000d5d00000,0x00000000d5d00000,0x00000000d5f00000)
 ParOldGen       total 244224K, used 244175K [0x0000000080000000, 0x000000008ee80000, 0x00000000d5580000)
  object space 244224K, 99% used [0x0000000080000000,0x000000008ee73c28,0x000000008ee80000)
 Metaspace       used 50612K, committed 51840K, reserved 1114112K
  class space    used 5294K, committed 5888K, reserved 1048576K
}
Event: 16.550 GC heap before
{Heap before GC invocations=117 (full 2):
 PSYoungGen      total 9728K, used 9478K [0x00000000d5580000, 0x00000000d6100000, 0x0000000100000000)
  eden space 7680K, 100% used [0x00000000d5580000,0x00000000d5d00000,0x00000000d5d00000)
  from space 2048K, 87% used [0x00000000d5f00000,0x00000000d60c1b78,0x00000000d6100000)
  to   space 2048K, 0% used [0x00000000d5d00000,0x00000000d5d00000,0x00000000d5f00000)
 ParOldGen       total 244224K, used 244175K [0x0000000080000000, 0x000000008ee80000, 0x00000000d5580000)
  object space 244224K, 99% used [0x0000000080000000,0x000000008ee73c28,0x000000008ee80000)
 Metaspace       used 50612K, committed 51840K, reserved 1114112K
  class space    used 5294K, committed 5888K, reserved 1048576K
}
Event: 16.555 GC heap after
{Heap after GC invocations=117 (full 2):
 PSYoungGen      total 9728K, used 1778K [0x00000000d5580000, 0x00000000d6100000, 0x0000000100000000)
  eden space 7680K, 0% used [0x00000000d5580000,0x00000000d5580000,0x00000000d5d00000)
  from space 2048K, 86% used [0x00000000d5d00000,0x00000000d5ebc888,0x00000000d5f00000)
  to   space 2048K, 0% used [0x00000000d5f00000,0x00000000d5f00000,0x00000000d6100000)
 ParOldGen       total 246272K, used 245840K [0x0000000080000000, 0x000000008f080000, 0x00000000d5580000)
  object space 246272K, 99% used [0x0000000080000000,0x000000008f014230,0x000000008f080000)
 Metaspace       used 50612K, committed 51840K, reserved 1114112K
  class space    used 5294K, committed 5888K, reserved 1048576K
}
Event: 16.600 GC heap before
{Heap before GC invocations=118 (full 2):
 PSYoungGen      total 9728K, used 9458K [0x00000000d5580000, 0x00000000d6100000, 0x0000000100000000)
  eden space 7680K, 100% used [0x00000000d5580000,0x00000000d5d00000,0x00000000d5d00000)
  from space 2048K, 86% used [0x00000000d5d00000,0x00000000d5ebc888,0x00000000d5f00000)
  to   space 2048K, 0% used [0x00000000d5f00000,0x00000000d5f00000,0x00000000d6100000)
 ParOldGen       total 246272K, used 245840K [0x0000000080000000, 0x000000008f080000, 0x00000000d5580000)
  object space 246272K, 99% used [0x0000000080000000,0x000000008f014230,0x000000008f080000)
 Metaspace       used 50612K, committed 51840K, reserved 1114112K
  class space    used 5294K, committed 5888K, reserved 1048576K
}
Event: 16.604 GC heap after
{Heap after GC invocations=118 (full 2):
 PSYoungGen      total 9728K, used 1808K [0x00000000d5580000, 0x00000000d6100000, 0x0000000100000000)
  eden space 7680K, 0% used [0x00000000d5580000,0x00000000d5580000,0x00000000d5d00000)
  from space 2048K, 88% used [0x00000000d5f00000,0x00000000d60c41c8,0x00000000d6100000)
  to   space 2048K, 0% used [0x00000000d5d00000,0x00000000d5d00000,0x00000000d5f00000)
 ParOldGen       total 247808K, used 247489K [0x0000000080000000, 0x000000008f200000, 0x00000000d5580000)
  object space 247808K, 99% used [0x0000000080000000,0x000000008f1b06c0,0x000000008f200000)
 Metaspace       used 50612K, committed 51840K, reserved 1114112K
  class space    used 5294K, committed 5888K, reserved 1048576K
}
Event: 16.659 GC heap before
{Heap before GC invocations=119 (full 2):
 PSYoungGen      total 9728K, used 9488K [0x00000000d5580000, 0x00000000d6100000, 0x0000000100000000)
  eden space 7680K, 100% used [0x00000000d5580000,0x00000000d5d00000,0x00000000d5d00000)
  from space 2048K, 88% used [0x00000000d5f00000,0x00000000d60c41c8,0x00000000d6100000)
  to   space 2048K, 0% used [0x00000000d5d00000,0x00000000d5d00000,0x00000000d5f00000)
 ParOldGen       total 247808K, used 247489K [0x0000000080000000, 0x000000008f200000, 0x00000000d5580000)
  object space 247808K, 99% used [0x0000000080000000,0x000000008f1b06c0,0x000000008f200000)
 Metaspace       used 50612K, committed 51840K, reserved 1114112K
  class space    used 5294K, committed 5888K, reserved 1048576K
}
Event: 16.662 GC heap after
{Heap after GC invocations=119 (full 2):
 PSYoungGen      total 9728K, used 1873K [0x00000000d5580000, 0x00000000d6100000, 0x0000000100000000)
  eden space 7680K, 0% used [0x00000000d5580000,0x00000000d5580000,0x00000000d5d00000)
  from space 2048K, 91% used [0x00000000d5d00000,0x00000000d5ed47a8,0x00000000d5f00000)
  to   space 2048K, 0% used [0x00000000d5f00000,0x00000000d5f00000,0x00000000d6100000)
 ParOldGen       total 249344K, used 249115K [0x0000000080000000, 0x000000008f380000, 0x00000000d5580000)
  object space 249344K, 99% used [0x0000000080000000,0x000000008f346f68,0x000000008f380000)
 Metaspace       used 50612K, committed 51840K, reserved 1114112K
  class space    used 5294K, committed 5888K, reserved 1048576K
}
Event: 16.709 GC heap before
{Heap before GC invocations=120 (full 2):
 PSYoungGen      total 9728K, used 9553K [0x00000000d5580000, 0x00000000d6100000, 0x0000000100000000)
  eden space 7680K, 100% used [0x00000000d5580000,0x00000000d5d00000,0x00000000d5d00000)
  from space 2048K, 91% used [0x00000000d5d00000,0x00000000d5ed47a8,0x00000000d5f00000)
  to   space 2048K, 0% used [0x00000000d5f00000,0x00000000d5f00000,0x00000000d6100000)
 ParOldGen       total 249344K, used 249115K [0x0000000080000000, 0x000000008f380000, 0x00000000d5580000)
  object space 249344K, 99% used [0x0000000080000000,0x000000008f346f68,0x000000008f380000)
 Metaspace       used 50612K, committed 51840K, reserved 1114112K
  class space    used 5294K, committed 5888K, reserved 1048576K
}
Event: 16.712 GC heap after
{Heap after GC invocations=120 (full 2):
 PSYoungGen      total 9728K, used 1716K [0x00000000d5580000, 0x00000000d6100000, 0x0000000100000000)
  eden space 7680K, 0% used [0x00000000d5580000,0x00000000d5580000,0x00000000d5d00000)
  from space 2048K, 83% used [0x00000000d5f00000,0x00000000d60ad3b8,0x00000000d6100000)
  to   space 2048K, 0% used [0x00000000d5d00000,0x00000000d5d00000,0x00000000d5f00000)
 ParOldGen       total 250880K, used 250813K [0x0000000080000000, 0x000000008f500000, 0x00000000d5580000)
  object space 250880K, 99% used [0x0000000080000000,0x000000008f4ef4c8,0x000000008f500000)
 Metaspace       used 50612K, committed 51840K, reserved 1114112K
  class space    used 5294K, committed 5888K, reserved 1048576K
}

Dll operation events (10 events):
Event: 0.024 Loaded shared library c:\Users\BM COMPUTERS\.vscode\extensions\redhat.java-1.43.1-win32-x64\jre\21.0.7-win32-x86_64\bin\java.dll
Event: 0.130 Loaded shared library c:\Users\BM COMPUTERS\.vscode\extensions\redhat.java-1.43.1-win32-x64\jre\21.0.7-win32-x86_64\bin\zip.dll
Event: 0.166 Loaded shared library C:\Users\BM COMPUTERS\.vscode\extensions\redhat.java-1.43.1-win32-x64\jre\21.0.7-win32-x86_64\bin\instrument.dll
Event: 0.175 Loaded shared library C:\Users\BM COMPUTERS\.vscode\extensions\redhat.java-1.43.1-win32-x64\jre\21.0.7-win32-x86_64\bin\net.dll
Event: 0.178 Loaded shared library C:\Users\BM COMPUTERS\.vscode\extensions\redhat.java-1.43.1-win32-x64\jre\21.0.7-win32-x86_64\bin\nio.dll
Event: 0.185 Loaded shared library C:\Users\BM COMPUTERS\.vscode\extensions\redhat.java-1.43.1-win32-x64\jre\21.0.7-win32-x86_64\bin\zip.dll
Event: 0.213 Loaded shared library C:\Users\BM COMPUTERS\.vscode\extensions\redhat.java-1.43.1-win32-x64\jre\21.0.7-win32-x86_64\bin\jimage.dll
Event: 0.341 Loaded shared library c:\Users\BM COMPUTERS\.vscode\extensions\redhat.java-1.43.1-win32-x64\jre\21.0.7-win32-x86_64\bin\verify.dll
Event: 2.628 Loaded shared library C:\Users\BM COMPUTERS\AppData\Roaming\Code\User\globalStorage\redhat.java\1.43.1\config_win\org.eclipse.equinox.launcher\org.eclipse.equinox.launcher.win32.win32.x86_64_1.2.1300.v20250331-1702\eclipse_11911.dll
Event: 4.374 Loaded shared library C:\Users\BM COMPUTERS\AppData\Local\Temp\jna--1597833469\jna1595111737632635614.dll

Deoptimization events (20 events):
Event: 15.226 Thread 0x0000008df702e140 Uncommon trap: trap_request=0xffffff45 fr.pc=0x0000008da09e1ec8 relative=0x00000000000000a8
Event: 15.226 Thread 0x0000008df702e140 Uncommon trap: reason=unstable_if action=reinterpret pc=0x0000008da09e1ec8 method=org.eclipse.core.internal.jobs.InternalJob.getState()I @ 10 c2
Event: 15.226 Thread 0x0000008df702e140 DEOPT PACKING pc=0x0000008da09e1ec8 sp=0x0000008df9a3e390
Event: 15.226 Thread 0x0000008df702e140 DEOPT UNPACKING pc=0x0000008da0083aa2 sp=0x0000008df9a3e320 mode 2
Event: 15.597 Thread 0x0000008df3aba600 Uncommon trap: trap_request=0xffffff76 fr.pc=0x0000008da0a98c1c relative=0x00000000000002dc
Event: 15.597 Thread 0x0000008df3aba600 Uncommon trap: reason=predicate action=maybe_recompile pc=0x0000008da0a98c1c method=org.eclipse.jdt.core.compiler.CharOperation.match([CII[CIIZ)Z @ 41 c2
Event: 15.597 Thread 0x0000008df3aba600 DEOPT PACKING pc=0x0000008da0a98c1c sp=0x0000008df8d3de00
Event: 15.597 Thread 0x0000008df3aba600 DEOPT UNPACKING pc=0x0000008da0083aa2 sp=0x0000008df8d3dd48 mode 2
Event: 15.703 Thread 0x0000008df3abb9b0 DEOPT PACKING pc=0x0000008d99836ff2 sp=0x0000008df766ea20
Event: 15.703 Thread 0x0000008df3abb9b0 DEOPT UNPACKING pc=0x0000008da0084242 sp=0x0000008df766de68 mode 0
Event: 16.351 Thread 0x0000008df3abb9b0 Uncommon trap: trap_request=0xffffffcc fr.pc=0x0000008da0ab8efc relative=0x000000000000013c
Event: 16.351 Thread 0x0000008df3abb9b0 Uncommon trap: reason=intrinsic_or_type_checked_inlining action=make_not_entrant pc=0x0000008da0ab8efc method=java.util.ArrayList.toArray([Ljava/lang/Object;)[Ljava/lang/Object; @ 36 c2
Event: 16.351 Thread 0x0000008df3abb9b0 DEOPT PACKING pc=0x0000008da0ab8efc sp=0x0000008df766e900
Event: 16.351 Thread 0x0000008df3abb9b0 DEOPT UNPACKING pc=0x0000008da0083aa2 sp=0x0000008df766e8a0 mode 2
Event: 16.356 Thread 0x0000008df3abb9b0 Uncommon trap: trap_request=0xffffff45 fr.pc=0x0000008da0ab28cc relative=0x000000000000140c
Event: 16.356 Thread 0x0000008df3abb9b0 Uncommon trap: reason=unstable_if action=reinterpret pc=0x0000008da0ab28cc method=org.eclipse.jdt.internal.compiler.parser.Scanner.internalScanIdentifierOrKeyword(II[C)Lorg/eclipse/jdt/internal/compiler/parser/TerminalToken; @ 859 c2
Event: 16.356 Thread 0x0000008df3abb9b0 DEOPT PACKING pc=0x0000008da0ab28cc sp=0x0000008df766eb70
Event: 16.356 Thread 0x0000008df3abb9b0 DEOPT UNPACKING pc=0x0000008da0083aa2 sp=0x0000008df766eb08 mode 2
Event: 16.375 Thread 0x0000008df3abb9b0 DEOPT PACKING pc=0x0000008d997e49b4 sp=0x0000008df766e930
Event: 16.376 Thread 0x0000008df3abb9b0 DEOPT UNPACKING pc=0x0000008da0084242 sp=0x0000008df766dd38 mode 0

Classes loaded (20 events):
Event: 9.127 Loading class java/nio/channels/NonWritableChannelException
Event: 9.128 Loading class java/nio/channels/NonWritableChannelException done
Event: 9.419 Loading class java/util/AbstractList$ListItr
Event: 9.420 Loading class java/util/AbstractList$ListItr done
Event: 9.986 Loading class java/util/WeakHashMap$KeyIterator
Event: 9.987 Loading class java/util/WeakHashMap$KeyIterator done
Event: 10.241 Loading class java/util/concurrent/CompletableFuture$AltResult
Event: 10.241 Loading class java/util/concurrent/CompletableFuture$AltResult done
Event: 10.241 Loading class java/util/concurrent/CompletableFuture$Completion
Event: 10.241 Loading class java/util/concurrent/CompletableFuture$AsynchronousCompletionTask
Event: 10.241 Loading class java/util/concurrent/CompletableFuture$AsynchronousCompletionTask done
Event: 10.242 Loading class java/util/concurrent/CompletableFuture$Completion done
Event: 10.305 Loading class sun/nio/ch/WindowsAsynchronousFileChannelImpl$WriteTask
Event: 10.305 Loading class sun/nio/ch/WindowsAsynchronousFileChannelImpl$WriteTask done
Event: 10.525 Loading class jdk/internal/math/FormattedFPDecimal
Event: 10.526 Loading class jdk/internal/math/FormattedFPDecimal done
Event: 10.628 Loading class java/util/concurrent/ForkJoinTask$AdaptedCallable
Event: 10.629 Loading class java/util/concurrent/ForkJoinTask$AdaptedCallable done
Event: 12.104 Loading class java/util/ArrayDeque$DeqSpliterator
Event: 12.104 Loading class java/util/ArrayDeque$DeqSpliterator done

Classes unloaded (7 events):
Event: 5.101 Thread 0x0000008d98afdae0 Unloading class 0x0000008dae19d000 'java/lang/invoke/LambdaForm$MH+0x0000008dae19d000'
Event: 5.101 Thread 0x0000008d98afdae0 Unloading class 0x0000008dae19cc00 'java/lang/invoke/LambdaForm$MH+0x0000008dae19cc00'
Event: 5.101 Thread 0x0000008d98afdae0 Unloading class 0x0000008dae19c800 'java/lang/invoke/LambdaForm$MH+0x0000008dae19c800'
Event: 5.101 Thread 0x0000008d98afdae0 Unloading class 0x0000008dae19c400 'java/lang/invoke/LambdaForm$MH+0x0000008dae19c400'
Event: 5.101 Thread 0x0000008d98afdae0 Unloading class 0x0000008dae19c000 'java/lang/invoke/LambdaForm$BMH+0x0000008dae19c000'
Event: 5.101 Thread 0x0000008d98afdae0 Unloading class 0x0000008dae19bc00 'java/lang/invoke/LambdaForm$DMH+0x0000008dae19bc00'
Event: 5.101 Thread 0x0000008d98afdae0 Unloading class 0x0000008dae19a800 'java/lang/invoke/LambdaForm$DMH+0x0000008dae19a800'

Classes redefined (0 events):
No events

Internal exceptions (20 events):
Event: 16.549 Thread 0x0000008df3aba600 Exception <a 'sun/nio/fs/WindowsException'{0x00000000d5cf79b0}> (0x00000000d5cf79b0) 
thrown [s\src\hotspot\share\prims\jni.cpp, line 520]
Event: 16.564 Thread 0x0000008df3aba600 Exception <a 'sun/nio/fs/WindowsException'{0x00000000d5696128}> (0x00000000d5696128) 
thrown [s\src\hotspot\share\prims\jni.cpp, line 520]
Event: 16.570 Thread 0x0000008df3aba600 Exception <a 'sun/nio/fs/WindowsException'{0x00000000d57ac458}> (0x00000000d57ac458) 
thrown [s\src\hotspot\share\prims\jni.cpp, line 520]
Event: 16.575 Thread 0x0000008df3aba600 Exception <a 'sun/nio/fs/WindowsException'{0x00000000d58e8d90}> (0x00000000d58e8d90) 
thrown [s\src\hotspot\share\prims\jni.cpp, line 520]
Event: 16.579 Thread 0x0000008df3aba600 Exception <a 'sun/nio/fs/WindowsException'{0x00000000d58fd2b0}> (0x00000000d58fd2b0) 
thrown [s\src\hotspot\share\prims\jni.cpp, line 520]
Event: 16.589 Thread 0x0000008df3aba600 Exception <a 'sun/nio/fs/WindowsException'{0x00000000d5a0fbd8}> (0x00000000d5a0fbd8) 
thrown [s\src\hotspot\share\prims\jni.cpp, line 520]
Event: 16.596 Thread 0x0000008df3aba600 Exception <a 'sun/nio/fs/WindowsException'{0x00000000d5bb96b0}> (0x00000000d5bb96b0) 
thrown [s\src\hotspot\share\prims\jni.cpp, line 520]
Event: 16.607 Thread 0x0000008df3aba600 Exception <a 'sun/nio/fs/WindowsException'{0x00000000d562b608}> (0x00000000d562b608) 
thrown [s\src\hotspot\share\prims\jni.cpp, line 520]
Event: 16.615 Thread 0x0000008df3aba600 Exception <a 'sun/nio/fs/WindowsException'{0x00000000d5784210}> (0x00000000d5784210) 
thrown [s\src\hotspot\share\prims\jni.cpp, line 520]
Event: 16.641 Thread 0x0000008df3aba600 Exception <a 'sun/nio/fs/WindowsException'{0x00000000d59828c8}> (0x00000000d59828c8) 
thrown [s\src\hotspot\share\prims\jni.cpp, line 520]
Event: 16.649 Thread 0x0000008df3aba600 Exception <a 'sun/nio/fs/WindowsException'{0x00000000d5ac0718}> (0x00000000d5ac0718) 
thrown [s\src\hotspot\share\prims\jni.cpp, line 520]
Event: 16.654 Thread 0x0000008df3aba600 Exception <a 'sun/nio/fs/WindowsException'{0x00000000d5bf50b0}> (0x00000000d5bf50b0) 
thrown [s\src\hotspot\share\prims\jni.cpp, line 520]
Event: 16.664 Thread 0x0000008df3aba600 Exception <a 'sun/nio/fs/WindowsException'{0x00000000d55ccc70}> (0x00000000d55ccc70) 
thrown [s\src\hotspot\share\prims\jni.cpp, line 520]
Event: 16.669 Thread 0x0000008df3aba600 Exception <a 'sun/nio/fs/WindowsException'{0x00000000d56dcc18}> (0x00000000d56dcc18) 
thrown [s\src\hotspot\share\prims\jni.cpp, line 520]
Event: 16.675 Thread 0x0000008df3aba600 Exception <a 'sun/nio/fs/WindowsException'{0x00000000d5858330}> (0x00000000d5858330) 
thrown [s\src\hotspot\share\prims\jni.cpp, line 520]
Event: 16.690 Thread 0x0000008df3aba600 Exception <a 'sun/nio/fs/WindowsException'{0x00000000d598bc80}> (0x00000000d598bc80) 
thrown [s\src\hotspot\share\prims\jni.cpp, line 520]
Event: 16.697 Thread 0x0000008df3aba600 Exception <a 'sun/nio/fs/WindowsException'{0x00000000d5ae24a8}> (0x00000000d5ae24a8) 
thrown [s\src\hotspot\share\prims\jni.cpp, line 520]
Event: 16.704 Thread 0x0000008df3aba600 Exception <a 'sun/nio/fs/WindowsException'{0x00000000d5be3f98}> (0x00000000d5be3f98) 
thrown [s\src\hotspot\share\prims\jni.cpp, line 520]
Event: 16.716 Thread 0x0000008df3aba600 Exception <a 'sun/nio/fs/WindowsException'{0x00000000d560b0f8}> (0x00000000d560b0f8) 
thrown [s\src\hotspot\share\prims\jni.cpp, line 520]
Event: 16.723 Thread 0x0000008df3aba600 Exception <a 'sun/nio/fs/WindowsException'{0x00000000d57896f8}> (0x00000000d57896f8) 
thrown [s\src\hotspot\share\prims\jni.cpp, line 520]

ZGC Phase Switch (0 events):
No events

VM Operations (20 events):
Event: 16.324 Executing VM operation: ParallelGCFailedAllocation (Allocation Failure)
Event: 16.327 Executing VM operation: ParallelGCFailedAllocation (Allocation Failure) done
Event: 16.359 Executing VM operation: ParallelGCFailedAllocation (Allocation Failure)
Event: 16.364 Executing VM operation: ParallelGCFailedAllocation (Allocation Failure) done
Event: 16.400 Executing VM operation: ParallelGCFailedAllocation (Allocation Failure)
Event: 16.403 Executing VM operation: ParallelGCFailedAllocation (Allocation Failure) done
Event: 16.434 Executing VM operation: ParallelGCFailedAllocation (Allocation Failure)
Event: 16.437 Executing VM operation: ParallelGCFailedAllocation (Allocation Failure) done
Event: 16.465 Executing VM operation: ParallelGCFailedAllocation (Allocation Failure)
Event: 16.469 Executing VM operation: ParallelGCFailedAllocation (Allocation Failure) done
Event: 16.492 Executing VM operation: ParallelGCFailedAllocation (Allocation Failure)
Event: 16.496 Executing VM operation: ParallelGCFailedAllocation (Allocation Failure) done
Event: 16.550 Executing VM operation: ParallelGCFailedAllocation (Allocation Failure)
Event: 16.555 Executing VM operation: ParallelGCFailedAllocation (Allocation Failure) done
Event: 16.600 Executing VM operation: ParallelGCFailedAllocation (Allocation Failure)
Event: 16.604 Executing VM operation: ParallelGCFailedAllocation (Allocation Failure) done
Event: 16.659 Executing VM operation: ParallelGCFailedAllocation (Allocation Failure)
Event: 16.662 Executing VM operation: ParallelGCFailedAllocation (Allocation Failure) done
Event: 16.709 Executing VM operation: ParallelGCFailedAllocation (Allocation Failure)
Event: 16.712 Executing VM operation: ParallelGCFailedAllocation (Allocation Failure) done

Memory protections (0 events):
No events

Nmethod flushes (20 events):
Event: 6.835 Thread 0x0000008d98afdae0 flushing  nmethod 0x0000008d99180b90
Event: 6.835 Thread 0x0000008d98afdae0 flushing  nmethod 0x0000008d99181890
Event: 6.835 Thread 0x0000008d98afdae0 flushing  nmethod 0x0000008d99182190
Event: 6.835 Thread 0x0000008d98afdae0 flushing  nmethod 0x0000008d99182610
Event: 6.835 Thread 0x0000008d98afdae0 flushing  nmethod 0x0000008d99182e10
Event: 6.835 Thread 0x0000008d98afdae0 flushing  nmethod 0x0000008d99183890
Event: 6.835 Thread 0x0000008d98afdae0 flushing  nmethod 0x0000008d99183d90
Event: 6.835 Thread 0x0000008d98afdae0 flushing  nmethod 0x0000008d9918cd90
Event: 6.835 Thread 0x0000008d98afdae0 flushing  nmethod 0x0000008d9918d090
Event: 6.835 Thread 0x0000008d98afdae0 flushing  nmethod 0x0000008d9918f010
Event: 6.835 Thread 0x0000008d98afdae0 flushing  nmethod 0x0000008d9919fc10
Event: 6.835 Thread 0x0000008d98afdae0 flushing  nmethod 0x0000008d991a4510
Event: 6.835 Thread 0x0000008d98afdae0 flushing  nmethod 0x0000008d991b0910
Event: 6.835 Thread 0x0000008d98afdae0 flushing  nmethod 0x0000008d991b4b90
Event: 6.835 Thread 0x0000008d98afdae0 flushing  nmethod 0x0000008d99201010
Event: 6.835 Thread 0x0000008d98afdae0 flushing  nmethod 0x0000008d99201e10
Event: 6.835 Thread 0x0000008d98afdae0 flushing  nmethod 0x0000008d99237290
Event: 6.835 Thread 0x0000008d98afdae0 flushing  nmethod 0x0000008d99249010
Event: 6.835 Thread 0x0000008d98afdae0 flushing  nmethod 0x0000008d9924ad90
Event: 6.835 Thread 0x0000008d98afdae0 flushing  nmethod 0x0000008d9926c210

Events (20 events):
Event: 6.537 Thread 0x0000008d98416300 Thread added: 0x0000008df7028560
Event: 6.538 Thread 0x0000008d98416300 Thread added: 0x0000008df702c070
Event: 6.539 Thread 0x0000008d98416300 Thread added: 0x0000008df7029910
Event: 6.540 Thread 0x0000008d98416300 Thread added: 0x0000008df7028bf0
Event: 6.540 Thread 0x0000008d98416300 Thread added: 0x0000008df7029fa0
Event: 6.540 Thread 0x0000008d98416300 Thread added: 0x0000008df702a630
Event: 6.716 Thread 0x0000008d98416300 Thread added: 0x0000008df702c700
Event: 7.070 Thread 0x0000008d98416300 Thread added: 0x0000008df7029280
Event: 7.071 Thread 0x0000008d98416300 Thread added: 0x0000008df702e140
Event: 10.035 Thread 0x0000008df3a009b0 Thread exited: 0x0000008df3a009b0
Event: 10.630 Thread 0x0000008df3aba600 Thread added: 0x0000008df702ee60
Event: 10.637 Thread 0x0000008df702ee60 Thread added: 0x0000008df702f4f0
Event: 10.638 Thread 0x0000008df702ee60 Thread added: 0x0000008df63ef170
Event: 10.645 Thread 0x0000008df702f4f0 Thread added: 0x0000008df63ee450
Event: 10.651 Thread 0x0000008df63ef170 Thread added: 0x0000008df63ef800
Event: 10.651 Thread 0x0000008df63ee450 Thread added: 0x0000008df63eeae0
Event: 10.665 Thread 0x0000008df63ee450 Thread added: 0x0000008df63f0bb0
Event: 10.665 Thread 0x0000008df63ef800 Thread added: 0x0000008df63efe90
Event: 14.888 Thread 0x0000008df430f9b0 Thread exited: 0x0000008df430f9b0
Event: 14.906 Thread 0x0000008df3783f50 Thread exited: 0x0000008df3783f50


Dynamic libraries:
0x00007ff7de9a0000 - 0x00007ff7de9ae000 	c:\Users\BM COMPUTERS\.vscode\extensions\redhat.java-1.43.1-win32-x64\jre\21.0.7-win32-x86_64\bin\java.exe
0x00007fffffd80000 - 0x00007ffffffe2000 	C:\WINDOWS\SYSTEM32\ntdll.dll
0x00007ffffeb70000 - 0x00007ffffec39000 	C:\WINDOWS\System32\KERNEL32.DLL
0x00007ffffcea0000 - 0x00007ffffd291000 	C:\WINDOWS\System32\KERNELBASE.dll
0x00007ffffd830000 - 0x00007ffffd97f000 	C:\WINDOWS\System32\ucrtbase.dll
0x00007fffe8880000 - 0x00007fffe8898000 	c:\Users\BM COMPUTERS\.vscode\extensions\redhat.java-1.43.1-win32-x64\jre\21.0.7-win32-x86_64\bin\jli.dll
0x00007fffeed80000 - 0x00007fffeed9e000 	c:\Users\BM COMPUTERS\.vscode\extensions\redhat.java-1.43.1-win32-x64\jre\21.0.7-win32-x86_64\bin\VCRUNTIME140.dll
0x00007fffff700000 - 0x00007fffff8c9000 	C:\WINDOWS\System32\USER32.dll
0x00007ffffd800000 - 0x00007ffffd827000 	C:\WINDOWS\System32\win32u.dll
0x00007fffeab50000 - 0x00007fffeadea000 	C:\WINDOWS\WinSxS\amd64_microsoft.windows.common-controls_6595b64144ccf1df_6.0.27902.1000_none_167b6f799d700079\COMCTL32.dll
0x00007ffffe970000 - 0x00007ffffe9a3000 	C:\WINDOWS\System32\GDI32.dll
0x00007ffffed40000 - 0x00007ffffede9000 	C:\WINDOWS\System32\msvcrt.dll
0x00007ffffd490000 - 0x00007ffffd5c1000 	C:\WINDOWS\System32\gdi32full.dll
0x00007ffffda10000 - 0x00007ffffdab4000 	C:\WINDOWS\System32\msvcp_win.dll
0x00007ffffedf0000 - 0x00007ffffee96000 	C:\WINDOWS\System32\sechost.dll
0x00007ff800000000 - 0x00007ff800030000 	C:\WINDOWS\System32\IMM32.DLL
0x00007ffff8320000 - 0x00007ffff832c000 	c:\Users\BM COMPUTERS\.vscode\extensions\redhat.java-1.43.1-win32-x64\jre\21.0.7-win32-x86_64\bin\vcruntime140_1.dll
0x00007fffd90a0000 - 0x00007fffd912d000 	c:\Users\BM COMPUTERS\.vscode\extensions\redhat.java-1.43.1-win32-x64\jre\21.0.7-win32-x86_64\bin\msvcp140.dll
0x00007fff65360000 - 0x00007fff660f0000 	c:\Users\BM COMPUTERS\.vscode\extensions\redhat.java-1.43.1-win32-x64\jre\21.0.7-win32-x86_64\bin\server\jvm.dll
0x00007fffff8d0000 - 0x00007fffff984000 	C:\WINDOWS\System32\ADVAPI32.dll
0x00007ffffe7c0000 - 0x00007ffffe8d3000 	C:\WINDOWS\System32\RPCRT4.dll
0x00007ffffe8e0000 - 0x00007ffffe955000 	C:\WINDOWS\System32\WS2_32.dll
0x00007ffff3c60000 - 0x00007ffff3c96000 	C:\WINDOWS\SYSTEM32\WINMM.dll
0x00007ffffcd30000 - 0x00007ffffcd8d000 	C:\WINDOWS\SYSTEM32\POWRPROF.dll
0x00007ffff5440000 - 0x00007ffff544b000 	C:\WINDOWS\SYSTEM32\VERSION.dll
0x00007ffffcd10000 - 0x00007ffffcd29000 	C:\WINDOWS\SYSTEM32\UMPDC.dll
0x00007ffffbcb0000 - 0x00007ffffbccb000 	C:\WINDOWS\SYSTEM32\kernel.appcore.dll
0x00007fffea7e0000 - 0x00007fffea7ea000 	c:\Users\BM COMPUTERS\.vscode\extensions\redhat.java-1.43.1-win32-x64\jre\21.0.7-win32-x86_64\bin\jimage.dll
0x00007fffefde0000 - 0x00007ffff00b1000 	C:\WINDOWS\SYSTEM32\DBGHELP.DLL
0x00007ffffdf10000 - 0x00007ffffe296000 	C:\WINDOWS\System32\combase.dll
0x00007ffffec40000 - 0x00007ffffed21000 	C:\WINDOWS\System32\OLEAUT32.dll
0x00007fffe2780000 - 0x00007fffe27d3000 	C:\WINDOWS\SYSTEM32\dbgcore.DLL
0x00007ffffd5d0000 - 0x00007ffffd66e000 	C:\WINDOWS\System32\bcryptPrimitives.dll
0x00007fffda3a0000 - 0x00007fffda3af000 	c:\Users\BM COMPUTERS\.vscode\extensions\redhat.java-1.43.1-win32-x64\jre\21.0.7-win32-x86_64\bin\instrument.dll
0x00007fffd9080000 - 0x00007fffd909f000 	c:\Users\BM COMPUTERS\.vscode\extensions\redhat.java-1.43.1-win32-x64\jre\21.0.7-win32-x86_64\bin\java.dll
0x00007ffffeea0000 - 0x00007fffff5f2000 	C:\WINDOWS\System32\SHELL32.dll
0x00007ffffd310000 - 0x00007ffffd485000 	C:\WINDOWS\System32\wintypes.dll
0x00007ffffab30000 - 0x00007ffffb39f000 	C:\WINDOWS\SYSTEM32\windows.storage.dll
0x00007ffffdbb0000 - 0x00007ffffdca7000 	C:\WINDOWS\System32\SHCORE.dll
0x00007ffffe2a0000 - 0x00007ffffe30a000 	C:\WINDOWS\System32\shlwapi.dll
0x00007ffffcdb0000 - 0x00007ffffcddf000 	C:\WINDOWS\SYSTEM32\profapi.dll
0x00007fffe5590000 - 0x00007fffe55a8000 	c:\Users\BM COMPUTERS\.vscode\extensions\redhat.java-1.43.1-win32-x64\jre\21.0.7-win32-x86_64\bin\zip.dll
0x00007fffd9e80000 - 0x00007fffd9e90000 	C:\Users\BM COMPUTERS\.vscode\extensions\redhat.java-1.43.1-win32-x64\jre\21.0.7-win32-x86_64\bin\net.dll
0x00007ffff4cd0000 - 0x00007ffff4ded000 	C:\WINDOWS\SYSTEM32\WINHTTP.dll
0x00007ffffd2a0000 - 0x00007ffffd30b000 	C:\WINDOWS\System32\mswsock.dll
0x00007fffd70d0000 - 0x00007fffd70e6000 	C:\Users\BM COMPUTERS\.vscode\extensions\redhat.java-1.43.1-win32-x64\jre\21.0.7-win32-x86_64\bin\nio.dll
0x00007fffd93b0000 - 0x00007fffd93c0000 	c:\Users\BM COMPUTERS\.vscode\extensions\redhat.java-1.43.1-win32-x64\jre\21.0.7-win32-x86_64\bin\verify.dll
0x00007fffd7030000 - 0x00007fffd7075000 	C:\Users\BM COMPUTERS\AppData\Roaming\Code\User\globalStorage\redhat.java\1.43.1\config_win\org.eclipse.equinox.launcher\org.eclipse.equinox.launcher.win32.win32.x86_64_1.2.1300.v20250331-1702\eclipse_11911.dll
0x00007ffffe9b0000 - 0x00007ffffeb4f000 	C:\WINDOWS\System32\ole32.dll
0x00007ffffc560000 - 0x00007ffffc57a000 	C:\WINDOWS\SYSTEM32\CRYPTSP.dll
0x00007ffffbc10000 - 0x00007ffffbc49000 	C:\WINDOWS\system32\rsaenh.dll
0x00007ffffc210000 - 0x00007ffffc23b000 	C:\WINDOWS\SYSTEM32\USERENV.dll
0x00007ffffdb80000 - 0x00007ffffdba9000 	C:\WINDOWS\System32\bcrypt.dll
0x00007ffffc3b0000 - 0x00007ffffc3bc000 	C:\WINDOWS\SYSTEM32\CRYPTBASE.dll
0x00007ffffb6b0000 - 0x00007ffffb6e4000 	C:\WINDOWS\SYSTEM32\IPHLPAPI.DLL
0x00007ff800040000 - 0x00007ff80004a000 	C:\WINDOWS\System32\NSI.dll
0x00007fffe0160000 - 0x00007fffe01a9000 	C:\Users\BM COMPUTERS\AppData\Local\Temp\jna--1597833469\jna1595111737632635614.dll
0x00007ffffeb60000 - 0x00007ffffeb68000 	C:\WINDOWS\System32\PSAPI.DLL
0x00007ffff4840000 - 0x00007ffff485e000 	C:\WINDOWS\SYSTEM32\dhcpcsvc6.DLL
0x00007ffff4810000 - 0x00007ffff4835000 	C:\WINDOWS\SYSTEM32\dhcpcsvc.DLL

dbghelp: loaded successfully - version: 4.0.5 - missing functions: none
symbol engine: initialized successfully - sym options: 0x614 - pdb path: .;c:\Users\BM COMPUTERS\.vscode\extensions\redhat.java-1.43.1-win32-x64\jre\21.0.7-win32-x86_64\bin;C:\WINDOWS\SYSTEM32;C:\WINDOWS\WinSxS\amd64_microsoft.windows.common-controls_6595b64144ccf1df_6.0.27902.1000_none_167b6f799d700079;c:\Users\BM COMPUTERS\.vscode\extensions\redhat.java-1.43.1-win32-x64\jre\21.0.7-win32-x86_64\bin\server;C:\Users\BM COMPUTERS\AppData\Roaming\Code\User\globalStorage\redhat.java\1.43.1\config_win\org.eclipse.equinox.launcher\org.eclipse.equinox.launcher.win32.win32.x86_64_1.2.1300.v20250331-1702;C:\Users\BM COMPUTERS\AppData\Local\Temp\jna--1597833469

VM Arguments:
jvm_args: --add-modules=ALL-SYSTEM --add-opens=java.base/java.util=ALL-UNNAMED --add-opens=java.base/java.lang=ALL-UNNAMED --add-opens=java.base/sun.nio.fs=ALL-UNNAMED -Declipse.application=org.eclipse.jdt.ls.core.id1 -Dosgi.bundles.defaultStartLevel=4 -Declipse.product=org.eclipse.jdt.ls.core.product -Djava.import.generatesMetadataFilesAtProjectRoot=false -DDetectVMInstallationsJob.disabled=true -Dfile.encoding=utf8 -XX:+UseParallelGC -XX:GCTimeRatio=4 -XX:AdaptiveSizePolicyWeight=90 -Dsun.zip.disableMemoryMapping=true -Xmx2G -Xms100m -Xlog:disable -javaagent:c:\Users\BM COMPUTERS\.vscode\extensions\redhat.java-1.43.1-win32-x64\lombok\lombok-1.18.39-4050.jar -XX:+HeapDumpOnOutOfMemoryError -XX:HeapDumpPath=c:\Users\BM COMPUTERS\AppData\Roaming\Code\User\workspaceStorage\f09e9a9544a228f8012ab152b426607c\redhat.java -Daether.dependencyCollector.impl=bf 
java_command: c:\Users\BM COMPUTERS\.vscode\extensions\redhat.java-1.43.1-win32-x64\server\plugins\org.eclipse.equinox.launcher_1.7.0.v20250519-0528.jar -configuration c:\Users\BM COMPUTERS\AppData\Roaming\Code\User\globalStorage\redhat.java\1.43.1\config_win -data c:\Users\BM COMPUTERS\AppData\Roaming\Code\User\workspaceStorage\f09e9a9544a228f8012ab152b426607c\redhat.java\jdt_ws --pipe=\\.\pipe\lsp-0910e69045ef0115aab288b23ec5abab-sock
java_class_path (initial): c:\Users\BM COMPUTERS\.vscode\extensions\redhat.java-1.43.1-win32-x64\server\plugins\org.eclipse.equinox.launcher_1.7.0.v20250519-0528.jar
Launcher Type: SUN_STANDARD

[Global flags]
    uintx AdaptiveSizePolicyWeight                 = 90                                        {product} {command line}
     intx CICompilerCount                          = 4                                         {product} {ergonomic}
    uintx GCTimeRatio                              = 4                                         {product} {command line}
     bool HeapDumpOnOutOfMemoryError               = true                                   {manageable} {command line}
    ccstr HeapDumpPath                             = c:\Users\BM COMPUTERS\AppData\Roaming\Code\User\workspaceStorage\f09e9a9544a228f8012ab152b426607c\redhat.java         {manageable} {command line}
   size_t InitialHeapSize                          = 104857600                                 {product} {command line}
   size_t MaxHeapSize                              = 2147483648                                {product} {command line}
   size_t MaxNewSize                               = 715653120                                 {product} {ergonomic}
   size_t MinHeapDeltaBytes                        = 524288                                    {product} {ergonomic}
   size_t MinHeapSize                              = 104857600                                 {product} {command line}
   size_t NewSize                                  = 34603008                                  {product} {ergonomic}
    uintx NonNMethodCodeHeapSize                   = 5839372                                {pd product} {ergonomic}
    uintx NonProfiledCodeHeapSize                  = 122909434                              {pd product} {ergonomic}
   size_t OldSize                                  = 70254592                                  {product} {ergonomic}
    uintx ProfiledCodeHeapSize                     = 122909434                              {pd product} {ergonomic}
    uintx ReservedCodeCacheSize                    = 251658240                              {pd product} {ergonomic}
     bool SegmentedCodeCache                       = true                                      {product} {ergonomic}
   size_t SoftMaxHeapSize                          = 2147483648                             {manageable} {ergonomic}
     bool UseCompressedOops                        = true                           {product lp64_product} {ergonomic}
     bool UseLargePagesIndividualAllocation        = false                                  {pd product} {ergonomic}
     bool UseParallelGC                            = true                                      {product} {command line}

Logging:
Log output configuration:
 #0: stdout all=off uptime,level,tags foldmultilines=false
 #1: stderr all=off uptime,level,tags foldmultilines=false

Environment Variables:
PATH=C:\Program Files\Common Files\Oracle\Java\javapath;C:\Users\BM COMPUTERS\AppData\Local\Programs\Microsoft VS Code\bin;C:\MinGW\bin;C:\WINDOWS\system32;C:\WINDOWS;C:\WINDOWS\System32\Wbem;C:\WINDOWS\System32\WindowsPowerShell\v1.0\;C:\WINDOWS\System32\OpenSSH\;C:\Program Files\dotnet\;C:\Program Files\Java\jdk-24\bin;C:\Program Files\Git\cmd;C:\Users\BM COMPUTERS\AppData\Local\JetBrains\IntelliJ IDEA Community Edition 2025.1.3\bin;;C:\MinGW\bin;C:\Users\BM COMPUTERS\AppData\Local\Programs\Microsoft VS Code\bin;C:\Users\BM COMPUTERS\AppData\Local\GitHubDesktop\bin;C:\Users\BM COMPUTERS\AppData\Local\Microsoft\WindowsApps;C:\ProgramData\BM COMPUTERS\GitHubDesktop\bin;
USERNAME=BM COMPUTERS
OS=Windows_NT
PROCESSOR_IDENTIFIER=AMD64 Family 23 Model 17 Stepping 0, AuthenticAMD
TMP=C:\Users\BMCOMP~1\AppData\Local\Temp
TEMP=C:\Users\BMCOMP~1\AppData\Local\Temp




Periodic native trim disabled

---------------  S Y S T E M  ---------------

OS:
 Windows 11 , 64 bit Build 27902 (10.0.27902.1000)
OS uptime: 0 days 2:11 hours
Hyper-V role detected

CPU: total 8 (initial active 8) (8 cores per cpu, 2 threads per core) family 23 model 17 stepping 0 microcode 0x8101016, cx8, cmov, fxsr, ht, mmx, 3dnowpref, sse, sse2, sse3, ssse3, sse4a, sse4.1, sse4.2, popcnt, lzcnt, tsc, tscinvbit, avx, avx2, aes, clmul, bmi1, bmi2, adx, sha, fma, vzeroupper, clflush, clflushopt, hv, rdtscp, f16c
Processor Information for the first 8 processors :
  Max Mhz: 2000, Current Mhz: 2000, Mhz Limit: 2000

Memory: 4k page, system-wide physical 7101M (624M free)
TotalPageFile size 15438M (AvailPageFile size 1M)
current process WorkingSet (physical memory assigned to process): 515M, peak: 515M
current process commit charge ("private bytes"): 503M, peak: 1622M

vm_info: OpenJDK 64-Bit Server VM (21.0.7+6-LTS) for windows-amd64 JRE (21.0.7+6-LTS), built on 2025-04-15T00:00:00Z by "admin" with MS VC++ 17.7 (VS2022)

END.
