#
# There is insufficient memory for the Java Runtime Environment to continue.
# Native memory allocation (malloc) failed to allocate 1892176 bytes. Error detail: Chunk::new
# Possible reasons:
#   The system is out of physical RAM or swap space
#   This process is running with CompressedOops enabled, and the Java Heap may be blocking the growth of the native heap
# Possible solutions:
#   Reduce memory load on the system
#   Increase physical memory or swap space
#   Check if swap backing store is full
#   Decrease Java heap size (-Xmx/-Xms)
#   Decrease number of Java threads
#   Decrease Java thread stack sizes (-Xss)
#   Set larger code cache with -XX:ReservedCodeCacheSize=
#   JVM is running with Unscaled Compressed Oops mode in which the Java heap is
#     placed in the first 4GB address space. The Java Heap base address is the
#     maximum limit for the native heap growth. Please use -XX:HeapBaseMinAddress
#     to set the Java Heap base and to place the Java Heap above 4GB virtual address.
# This output file may be truncated or incomplete.
#
#  Out of Memory Error (arena.cpp:168), pid=91500, tid=27736
#
# JRE version: OpenJDK Runtime Environment Temurin-21.0.7+6 (21.0.7+6) (build 21.0.7+6-LTS)
# Java VM: OpenJDK 64-Bit Server VM Temurin-21.0.7+6 (21.0.7+6-LTS, mixed mode, sharing, tiered, compressed oops, compressed class ptrs, parallel gc, windows-amd64)
# No core dump will be written. Minidumps are not enabled by default on client versions of Windows
#

---------------  S U M M A R Y ------------

Command Line: --add-modules=ALL-SYSTEM --add-opens=java.base/java.util=ALL-UNNAMED --add-opens=java.base/java.lang=ALL-UNNAMED --add-opens=java.base/sun.nio.fs=ALL-UNNAMED -Declipse.application=org.eclipse.jdt.ls.core.id1 -Dosgi.bundles.defaultStartLevel=4 -Declipse.product=org.eclipse.jdt.ls.core.product -Djava.import.generatesMetadataFilesAtProjectRoot=false -DDetectVMInstallationsJob.disabled=true -Dfile.encoding=utf8 -XX:+UseParallelGC -XX:GCTimeRatio=4 -XX:AdaptiveSizePolicyWeight=90 -Dsun.zip.disableMemoryMapping=true -Xmx2G -Xms100m -Xlog:disable -javaagent:c:\Users\BM COMPUTERS\.vscode\extensions\redhat.java-1.43.1-win32-x64\lombok\lombok-1.18.39-4050.jar -XX:+HeapDumpOnOutOfMemoryError -XX:HeapDumpPath=c:\Users\BM COMPUTERS\AppData\Roaming\Code\User\workspaceStorage\f09e9a9544a228f8012ab152b426607c\redhat.java -Daether.dependencyCollector.impl=bf c:\Users\BM COMPUTERS\.vscode\extensions\redhat.java-1.43.1-win32-x64\server\plugins\org.eclipse.equinox.launcher_1.7.0.v20250519-0528.jar -configuration c:\Users\BM COMPUTERS\AppData\Roaming\Code\User\globalStorage\redhat.java\1.43.1\config_win -data c:\Users\BM COMPUTERS\AppData\Roaming\Code\User\workspaceStorage\f09e9a9544a228f8012ab152b426607c\redhat.java\jdt_ws --pipe=\\.\pipe\lsp-41f790162ead18fd3029bbf3de1dcee0-sock

Host: AMD Ryzen 5 PRO 2500U w/ Radeon Vega Mobile Gfx, 8 cores, 6G,  Windows 11 , 64 bit Build 27902 (10.0.27902.1000)
Time: Sun Jul 20 16:52:37 2025 Bangladesh Standard Time elapsed time: 28.326647 seconds (0d 0h 0m 28s)

---------------  T H R E A D  ---------------

Current thread (0x0000008a0e660570):  JavaThread "C2 CompilerThread1" daemon [_thread_in_native, id=27736, stack(0x0000008a160b0000,0x0000008a161b0000) (1024K)]


Current CompileTask:
C2:28326 9358 %     4       org.lombokweb.asm.ClassReader::readCode @ 2037 (5117 bytes)

Stack: [0x0000008a160b0000,0x0000008a161b0000]
Native frames: (J=compiled Java code, j=interpreted, Vv=VM code, C=native code)
V  [jvm.dll+0x6ce119]
V  [jvm.dll+0x8a84a1]
V  [jvm.dll+0x8aa9ce]
V  [jvm.dll+0x8ab0b3]
V  [jvm.dll+0x27f8a6]
V  [jvm.dll+0xc507d]
V  [jvm.dll+0xc55b3]
V  [jvm.dll+0x3b68f2]
V  [jvm.dll+0x1dfe33]
V  [jvm.dll+0x247c42]
V  [jvm.dll+0x2470cf]
V  [jvm.dll+0x1c760e]
V  [jvm.dll+0x25695a]
V  [jvm.dll+0x254efa]
V  [jvm.dll+0x3f03f6]
V  [jvm.dll+0x851f6b]
V  [jvm.dll+0x6cc7dd]
C  [ucrtbase.dll+0x87430]
C  [KERNEL32.DLL+0x35f37]
C  [ntdll.dll+0x58860]


---------------  P R O C E S S  ---------------

Threads class SMR info:
_java_thread_list=0x0000008a11dff8f0, length=54, elements={
0x00000089b10e9150, 0x00000089c55e8bf0, 0x00000089c55ebb10, 0x00000089c55f5020,
0x00000089c55f7a80, 0x00000089c55f9990, 0x00000089c5600340, 0x00000089c5604bb0,
0x00000089c562a970, 0x00000089b1637a30, 0x0000008a0b49b850, 0x0000008a0c1d20c0,
0x0000008a0c3d3460, 0x0000008a0c3f2e40, 0x0000008a0c296530, 0x0000008a0c4677e0,
0x0000008a0c5f64f0, 0x0000008a0c46ef00, 0x0000008a0c472380, 0x0000008a0c470940,
0x0000008a0c470fd0, 0x0000008a0c46f590, 0x0000008a0c46fc20, 0x0000008a0c4702b0,
0x0000008a0c471660, 0x0000008a0c471cf0, 0x0000008a1012dfa0, 0x0000008a1012e630,
0x0000008a1012f350, 0x0000008a1012ecc0, 0x0000008a1012f9e0, 0x0000008a1012d910,
0x0000008a10132140, 0x0000008a10130d90, 0x0000008a10131ab0, 0x0000008a101327d0,
0x0000008a10131420, 0x0000008a10132e60, 0x0000008a101348a0, 0x0000008a10134f30,
0x0000008a0ff5ad50, 0x0000008a0ff5a6c0, 0x0000008a0ff5ba70, 0x0000008a0ff5a030,
0x0000008a0ff5c100, 0x0000008a0ff5b3e0, 0x0000008a0ff5ce20, 0x0000008a0ff5db40,
0x0000008a0ff60fc0, 0x0000008a0ff60930, 0x0000008a0ff61650, 0x0000008a0ff5e1d0,
0x0000008a0ff5f580, 0x0000008a0e660570
}

Java Threads: ( => current thread )
  0x00000089b10e9150 JavaThread "main"                              [_thread_blocked, id=91520, stack(0x00000089b1490000,0x00000089b1590000) (1024K)]
  0x00000089c55e8bf0 JavaThread "Reference Handler"          daemon [_thread_blocked, id=91536, stack(0x00000089c5830000,0x00000089c5930000) (1024K)]
  0x00000089c55ebb10 JavaThread "Finalizer"                  daemon [_thread_blocked, id=91540, stack(0x00000089c5930000,0x00000089c5a30000) (1024K)]
  0x00000089c55f5020 JavaThread "Signal Dispatcher"          daemon [_thread_blocked, id=91544, stack(0x00000089c5a30000,0x00000089c5b30000) (1024K)]
  0x00000089c55f7a80 JavaThread "Attach Listener"            daemon [_thread_blocked, id=91548, stack(0x00000089c5b30000,0x00000089c5c30000) (1024K)]
  0x00000089c55f9990 JavaThread "Service Thread"             daemon [_thread_blocked, id=91552, stack(0x00000089c5c30000,0x00000089c5d30000) (1024K)]
  0x00000089c5600340 JavaThread "Monitor Deflation Thread"   daemon [_thread_blocked, id=91556, stack(0x00000089c5d30000,0x00000089c5e30000) (1024K)]
  0x00000089c5604bb0 JavaThread "C2 CompilerThread0"         daemon [_thread_blocked, id=91560, stack(0x00000089c5e30000,0x00000089c5f30000) (1024K)]
  0x00000089c562a970 JavaThread "C1 CompilerThread0"         daemon [_thread_blocked, id=91564, stack(0x0000008a0b000000,0x0000008a0b100000) (1024K)]
  0x00000089b1637a30 JavaThread "Common-Cleaner"             daemon [_thread_blocked, id=91568, stack(0x0000008a0b500000,0x0000008a0b600000) (1024K)]
  0x0000008a0b49b850 JavaThread "Notification Thread"        daemon [_thread_blocked, id=91588, stack(0x0000008a0bf00000,0x0000008a0c000000) (1024K)]
  0x0000008a0c1d20c0 JavaThread "Active Thread: Equinox Container: a6e7a461-abd6-46fd-acde-8a66a8ef3cfe"        [_thread_blocked, id=91896, stack(0x0000008a0d6d0000,0x0000008a0d7d0000) (1024K)]
  0x0000008a0c3d3460 JavaThread "Refresh Thread: Equinox Container: a6e7a461-abd6-46fd-acde-8a66a8ef3cfe" daemon [_thread_blocked, id=91904, stack(0x0000008a0d8d0000,0x0000008a0d9d0000) (1024K)]
  0x0000008a0c3f2e40 JavaThread "Framework Event Dispatcher: Equinox Container: a6e7a461-abd6-46fd-acde-8a66a8ef3cfe" daemon [_thread_blocked, id=91908, stack(0x0000008a0d9d0000,0x0000008a0dad0000) (1024K)]
  0x0000008a0c296530 JavaThread "Start Level: Equinox Container: a6e7a461-abd6-46fd-acde-8a66a8ef3cfe" daemon [_thread_blocked, id=91912, stack(0x0000008a0dad0000,0x0000008a0dbd0000) (1024K)]
  0x0000008a0c4677e0 JavaThread "Bundle File Closer"         daemon [_thread_blocked, id=91928, stack(0x0000008a0dbd0000,0x0000008a0dcd0000) (1024K)]
  0x0000008a0c5f64f0 JavaThread "SCR Component Actor"        daemon [_thread_blocked, id=91932, stack(0x0000008a0dcd0000,0x0000008a0ddd0000) (1024K)]
  0x0000008a0c46ef00 JavaThread "Worker-JM"                         [_thread_blocked, id=91940, stack(0x0000008a0d5d0000,0x0000008a0d6d0000) (1024K)]
  0x0000008a0c472380 JavaThread "JNA Cleaner"                daemon [_thread_blocked, id=91948, stack(0x0000008a0dfd0000,0x0000008a0e0d0000) (1024K)]
  0x0000008a0c470940 JavaThread "Worker-0: Initialize workspace"        [_thread_blocked, id=91952, stack(0x0000008a0e0d0000,0x0000008a0e1d0000) (1024K)]
  0x0000008a0c470fd0 JavaThread "Worker-1"                          [_thread_blocked, id=91956, stack(0x0000008a0e1d0000,0x0000008a0e2d0000) (1024K)]
  0x0000008a0c46f590 JavaThread "Java indexing"              daemon [_thread_blocked, id=91968, stack(0x0000008a10270000,0x0000008a10370000) (1024K)]
  0x0000008a0c46fc20 JavaThread "Worker-2"                          [_thread_blocked, id=91976, stack(0x0000008a10370000,0x0000008a10470000) (1024K)]
  0x0000008a0c4702b0 JavaThread "Worker-3: Building"                [_thread_blocked, id=91992, stack(0x0000008a10770000,0x0000008a10870000) (1024K)]
  0x0000008a0c471660 JavaThread "Worker-4"                          [_thread_blocked, id=91996, stack(0x0000008a10870000,0x0000008a10970000) (1024K)]
  0x0000008a0c471cf0 JavaThread "Worker-5"                          [_thread_blocked, id=92000, stack(0x0000008a10970000,0x0000008a10a70000) (1024K)]
  0x0000008a1012dfa0 JavaThread "Thread-2"                   daemon [_thread_in_native, id=92004, stack(0x0000008a10a70000,0x0000008a10b70000) (1024K)]
  0x0000008a1012e630 JavaThread "Thread-3"                   daemon [_thread_in_native, id=92008, stack(0x0000008a10b70000,0x0000008a10c70000) (1024K)]
  0x0000008a1012f350 JavaThread "Thread-4"                   daemon [_thread_in_native, id=92012, stack(0x0000008a10c70000,0x0000008a10d70000) (1024K)]
  0x0000008a1012ecc0 JavaThread "Thread-5"                   daemon [_thread_in_native, id=92016, stack(0x0000008a10d70000,0x0000008a10e70000) (1024K)]
  0x0000008a1012f9e0 JavaThread "Thread-6"                   daemon [_thread_in_native, id=92020, stack(0x0000008a10e70000,0x0000008a10f70000) (1024K)]
  0x0000008a1012d910 JavaThread "Thread-7"                   daemon [_thread_in_native, id=92024, stack(0x0000008a10f70000,0x0000008a11070000) (1024K)]
  0x0000008a10132140 JavaThread "Thread-8"                   daemon [_thread_in_native, id=92028, stack(0x0000008a11070000,0x0000008a11170000) (1024K)]
  0x0000008a10130d90 JavaThread "Thread-9"                   daemon [_thread_in_native, id=92032, stack(0x0000008a11170000,0x0000008a11270000) (1024K)]
  0x0000008a10131ab0 JavaThread "Thread-10"                  daemon [_thread_in_native, id=92036, stack(0x0000008a11270000,0x0000008a11370000) (1024K)]
  0x0000008a101327d0 JavaThread "pool-2-thread-1"                   [_thread_blocked, id=92040, stack(0x0000008a12440000,0x0000008a12540000) (1024K)]
  0x0000008a10131420 JavaThread "WorkspaceEventsHandler"            [_thread_blocked, id=92044, stack(0x0000008a12540000,0x0000008a12640000) (1024K)]
  0x0000008a10132e60 JavaThread "pool-1-thread-1"                   [_thread_blocked, id=92048, stack(0x0000008a12640000,0x0000008a12740000) (1024K)]
  0x0000008a101348a0 JavaThread "LocalFile Deleter"          daemon [_thread_blocked, id=92084, stack(0x0000008a0ddd0000,0x0000008a0ded0000) (1024K)]
  0x0000008a10134f30 JavaThread "LocalFile Deleter"          daemon [_thread_blocked, id=92088, stack(0x0000008a13710000,0x0000008a13810000) (1024K)]
  0x0000008a0ff5ad50 JavaThread "LocalFile Deleter"          daemon [_thread_blocked, id=92092, stack(0x0000008a13810000,0x0000008a13910000) (1024K)]
  0x0000008a0ff5a6c0 JavaThread "LocalFile Deleter"          daemon [_thread_blocked, id=92096, stack(0x0000008a13910000,0x0000008a13a10000) (1024K)]
  0x0000008a0ff5ba70 JavaThread "LocalFile Deleter"          daemon [_thread_blocked, id=92100, stack(0x0000008a13a10000,0x0000008a13b10000) (1024K)]
  0x0000008a0ff5a030 JavaThread "LocalFile Deleter"          daemon [_thread_blocked, id=92104, stack(0x0000008a13b10000,0x0000008a13c10000) (1024K)]
  0x0000008a0ff5c100 JavaThread "LocalFile Deleter"          daemon [_thread_blocked, id=92108, stack(0x0000008a13c10000,0x0000008a13d10000) (1024K)]
  0x0000008a0ff5b3e0 JavaThread "LocalFile Deleter"          daemon [_thread_blocked, id=92112, stack(0x0000008a13d10000,0x0000008a13e10000) (1024K)]
  0x0000008a0ff5ce20 JavaThread "Compiler Source File Reader" daemon [_thread_blocked, id=90960, stack(0x0000008a0ded0000,0x0000008a0dfd0000) (1024K)]
  0x0000008a0ff5db40 JavaThread "Compiler Source File Reader" daemon [_thread_blocked, id=21956, stack(0x0000008a15db0000,0x0000008a15eb0000) (1024K)]
  0x0000008a0ff60fc0 JavaThread "Compiler Source File Reader" daemon [_thread_blocked, id=90656, stack(0x0000008a15eb0000,0x0000008a15fb0000) (1024K)]
  0x0000008a0ff60930 JavaThread "Compiler Source File Reader" daemon [_thread_blocked, id=88312, stack(0x0000008a15fb0000,0x0000008a160b0000) (1024K)]
  0x0000008a0ff61650 JavaThread "Compiler Processing Task"   daemon [_thread_blocked, id=16196, stack(0x0000008a0b600000,0x0000008a0b700000) (1024K)]
  0x0000008a0ff5e1d0 JavaThread "Compiler Class File Writer" daemon [_thread_blocked, id=22468, stack(0x0000008a161b0000,0x0000008a162b0000) (1024K)]
  0x0000008a0ff5f580 JavaThread "Compiler Class File Writer" daemon [_thread_blocked, id=24892, stack(0x0000008a162b0000,0x0000008a163b0000) (1024K)]
=>0x0000008a0e660570 JavaThread "C2 CompilerThread1"         daemon [_thread_in_native, id=27736, stack(0x0000008a160b0000,0x0000008a161b0000) (1024K)]
Total: 54

Other Threads:
  0x00000089c55d27a0 VMThread "VM Thread"                           [id=91532, stack(0x00000089c5730000,0x00000089c5830000) (1024K)]
  0x00000089c550ca00 WatcherThread "VM Periodic Task Thread"        [id=91528, stack(0x00000089c5630000,0x00000089c5730000) (1024K)]
  0x00000089b15e8e70 WorkerThread "GC Thread#0"                     [id=91524, stack(0x00000089c0c80000,0x00000089c0d80000) (1024K)]
  0x0000008a0be84ac0 WorkerThread "GC Thread#1"                     [id=91856, stack(0x0000008a0c000000,0x0000008a0c100000) (1024K)]
  0x0000008a0bcc0460 WorkerThread "GC Thread#2"                     [id=91860, stack(0x0000008a0d0d0000,0x0000008a0d1d0000) (1024K)]
  0x0000008a0bcc0800 WorkerThread "GC Thread#3"                     [id=91864, stack(0x0000008a0d1d0000,0x0000008a0d2d0000) (1024K)]
  0x0000008a0bcc0ba0 WorkerThread "GC Thread#4"                     [id=91868, stack(0x0000008a0d2d0000,0x0000008a0d3d0000) (1024K)]
  0x0000008a0ba6a3c0 WorkerThread "GC Thread#5"                     [id=91872, stack(0x0000008a0d3d0000,0x0000008a0d4d0000) (1024K)]
  0x0000008a0bba6370 WorkerThread "GC Thread#6"                     [id=91876, stack(0x0000008a0d4d0000,0x0000008a0d5d0000) (1024K)]
  0x0000008a0bba7930 WorkerThread "GC Thread#7"                     [id=91900, stack(0x0000008a0d7d0000,0x0000008a0d8d0000) (1024K)]
Total: 10

Threads with active compile tasks:
C2 CompilerThread0  28431 9483       4       org.lombokweb.asm.ClassReader::readMethod (1070 bytes)
C2 CompilerThread1  28431 9358 %     4       org.lombokweb.asm.ClassReader::readCode @ 2037 (5117 bytes)
Total: 2

VM state: at safepoint (normal execution)

VM Mutex/Monitor currently owned by a thread:  ([mutex/lock_event])
[0x00007fff6600e308] Threads_lock - owner thread: 0x00000089c55d27a0
[0x00007fff6600e408] Heap_lock - owner thread: 0x0000008a10132e60

Heap address: 0x0000000080000000, size: 2048 MB, Compressed Oops mode: 32-bit

CDS archive(s) mapped at: [0x00000089c6000000-0x00000089c6ba0000-0x00000089c6ba0000), size 12189696, SharedBaseAddress: 0x00000089c6000000, ArchiveRelocationMode: 1.
Compressed class space mapped at: 0x00000089c7000000-0x0000008a07000000, reserved size: 1073741824
Narrow klass base: 0x00000089c6000000, Narrow klass shift: 0, Narrow klass range: 0x100000000

GC Precious Log:
 CardTable entry size: 512
 CPUs: 8 total, 8 available
 Memory: 7101M
 Large Page Support: Disabled
 NUMA Support: Disabled
 Compressed Oops: Enabled (32-bit)
 Alignments: Space 512K, Generation 512K, Heap 2M
 Heap Min Capacity: 100M
 Heap Initial Capacity: 100M
 Heap Max Capacity: 2G
 Pre-touch: Disabled
 Parallel Workers: 8

Heap:
 PSYoungGen      total 6656K, used 6592K [0x00000000d5580000, 0x00000000d5f00000, 0x0000000100000000)
  eden space 4608K, 99% used [0x00000000d5580000,0x00000000d59fdf00,0x00000000d5a00000)
  from space 2048K, 97% used [0x00000000d5d00000,0x00000000d5ef23c0,0x00000000d5f00000)
  to   space 2560K, 96% used [0x00000000d5a00000,0x00000000d5c6ab50,0x00000000d5c80000)
 ParOldGen       total 371200K, used 370707K [0x0000000080000000, 0x0000000096a80000, 0x00000000d5580000)
  object space 371200K, 99% used [0x0000000080000000,0x0000000096a04ea8,0x0000000096a80000)
 Metaspace       used 57448K, committed 58752K, reserved 1114112K
  class space    used 5963K, committed 6592K, reserved 1048576K

Card table byte_map: [0x00000089c0870000,0x00000089c0c80000] _byte_map_base: 0x00000089c0470000

Marking Bits: (ParMarkBitMap*) 0x00007fff660131f0
 Begin Bits: [0x00000089c1030000, 0x00000089c3030000)
 End Bits:   [0x00000089c3030000, 0x00000089c5030000)

Polling page: 0x00000089b0bf0000

Metaspace:

Usage:
  Non-class:     50.28 MB used.
      Class:      5.82 MB used.
       Both:     56.10 MB used.

Virtual space:
  Non-class space:       64.00 MB reserved,      50.94 MB ( 80%) committed,  1 nodes.
      Class space:        1.00 GB reserved,       6.44 MB ( <1%) committed,  1 nodes.
             Both:        1.06 GB reserved,      57.38 MB (  5%) committed. 

Chunk freelists:
   Non-Class:  12.78 MB
       Class:  9.55 MB
        Both:  22.33 MB

MaxMetaspaceSize: unlimited
CompressedClassSpaceSize: 1.00 GB
Initial GC threshold: 21.00 MB
Current GC threshold: 84.62 MB
CDS: on
 - commit_granule_bytes: 65536.
 - commit_granule_words: 8192.
 - virtual_space_node_default_size: 8388608.
 - enlarge_chunks_in_place: 1.
 - use_allocation_guard: 0.


Internal statistics:

num_allocs_failed_limit: 6.
num_arena_births: 938.
num_arena_deaths: 26.
num_vsnodes_births: 2.
num_vsnodes_deaths: 0.
num_space_committed: 918.
num_space_uncommitted: 0.
num_chunks_returned_to_freelist: 36.
num_chunks_taken_from_freelist: 3500.
num_chunk_merges: 11.
num_chunk_splits: 2218.
num_chunks_enlarged: 1357.
num_inconsistent_stats: 0.

CodeHeap 'non-profiled nmethods': size=120000Kb used=6546Kb max_used=6546Kb free=113453Kb
 bounds [0x00000089b9160000, 0x00000089b97d0000, 0x00000089c0690000]
CodeHeap 'profiled nmethods': size=120000Kb used=18913Kb max_used=18913Kb free=101086Kb
 bounds [0x00000089b1690000, 0x00000089b2910000, 0x00000089b8bc0000]
CodeHeap 'non-nmethods': size=5760Kb used=1422Kb max_used=1507Kb free=4337Kb
 bounds [0x00000089b8bc0000, 0x00000089b8e30000, 0x00000089b9160000]
 total_blobs=9447 nmethods=8711 adapters=642
 compilation: enabled
              stopped_count=0, restarted_count=0
 full_count=0

Compilation events (20 events):
Event: 28.299 Thread 0x00000089c5604bb0 nmethod 9442 0x00000089b97c0b10 code [0x00000089b97c0cc0, 0x00000089b97c0eb0]
Event: 28.299 Thread 0x00000089c5604bb0 9470       4       java.lang.invoke.Invokers$Holder::linkToTargetMethod (10 bytes)
Event: 28.300 Thread 0x00000089c5604bb0 nmethod 9470 0x00000089b97c1010 code [0x00000089b97c11a0, 0x00000089b97c12a0]
Event: 28.300 Thread 0x00000089c5604bb0 9472       4       org.eclipse.core.internal.preferences.PreferencesService::getRootNode (4 bytes)
Event: 28.300 Thread 0x00000089c5604bb0 nmethod 9472 0x00000089b97c1390 code [0x00000089b97c1520, 0x00000089b97c15b0]
Event: 28.301 Thread 0x00000089c5604bb0 9440       4       java.util.regex.Pattern$GroupTail::match (111 bytes)
Event: 28.301 Thread 0x00000089c562a970 nmethod 9462 0x00000089b28f7d90 code [0x00000089b28f81a0, 0x00000089b28f9ed8]
Event: 28.302 Thread 0x00000089c562a970 9471       3       org.eclipse.core.internal.preferences.PreferencesService$1::run (171 bytes)
Event: 28.303 Thread 0x00000089c562a970 nmethod 9471 0x00000089b28fa790 code [0x00000089b28faa00, 0x00000089b28fb4a0]
Event: 28.303 Thread 0x00000089c562a970 9463       3       org.eclipse.jdt.apt.core.internal.AptPlugin::getAptProject (6 bytes)
Event: 28.303 Thread 0x00000089c562a970 nmethod 9463 0x00000089b28fb810 code [0x00000089b28fb9c0, 0x00000089b28fbae0]
Event: 28.303 Thread 0x00000089c562a970 9464   !   3       org.eclipse.jdt.apt.core.internal.AptPlugin::getAptProject (62 bytes)
Event: 28.305 Thread 0x00000089c562a970 nmethod 9464 0x00000089b28fbb90 code [0x00000089b28fbda0, 0x00000089b28fc4c0]
Event: 28.305 Thread 0x00000089c5604bb0 nmethod 9440 0x00000089b97c1690 code [0x00000089b97c1840, 0x00000089b97c1a58]
Event: 28.305 Thread 0x00000089c562a970 9467       3       org.eclipse.core.internal.preferences.PreferencesService$1::<init> (44 bytes)
Event: 28.305 Thread 0x00000089c5604bb0 9444       4       org.lombokweb.asm.MethodVisitor::visitLabel (16 bytes)
Event: 28.306 Thread 0x00000089c562a970 nmethod 9467 0x00000089b28fc790 code [0x00000089b28fc940, 0x00000089b28fcb40]
Event: 28.306 Thread 0x00000089c562a970 9466       1       org.eclipse.jdt.apt.core.internal.AptProject::getJavaProject (5 bytes)
Event: 28.306 Thread 0x00000089c562a970 nmethod 9466 0x00000089b97c1c10 code [0x00000089b97c1da0, 0x00000089b97c1e68]
Event: 28.307 Thread 0x00000089c562a970 9459  s    3       org.eclipse.jdt.apt.core.internal.util.ManyToMany::removeKey (162 bytes)

GC Heap History (20 events):
Event: 27.837 GC heap before
{Heap before GC invocations=294 (full 3):
 PSYoungGen      total 4096K, used 3910K [0x00000000d5580000, 0x00000000d5b80000, 0x0000000100000000)
  eden space 2560K, 100% used [0x00000000d5580000,0x00000000d5800000,0x00000000d5800000)
  from space 1536K, 87% used [0x00000000d5a00000,0x00000000d5b51ae8,0x00000000d5b80000)
  to   space 1536K, 0% used [0x00000000d5880000,0x00000000d5880000,0x00000000d5a00000)
 ParOldGen       total 366592K, used 366482K [0x0000000080000000, 0x0000000096600000, 0x00000000d5580000)
  object space 366592K, 99% used [0x0000000080000000,0x00000000965e4930,0x0000000096600000)
 Metaspace       used 55248K, committed 56576K, reserved 1114112K
  class space    used 5737K, committed 6336K, reserved 1048576K
}
Event: 27.840 GC heap after
{Heap after GC invocations=294 (full 3):
 PSYoungGen      total 4608K, used 1253K [0x00000000d5580000, 0x00000000d5b80000, 0x0000000100000000)
  eden space 3072K, 0% used [0x00000000d5580000,0x00000000d5580000,0x00000000d5880000)
  from space 1536K, 81% used [0x00000000d5880000,0x00000000d59b9528,0x00000000d5a00000)
  to   space 1536K, 0% used [0x00000000d5a00000,0x00000000d5a00000,0x00000000d5b80000)
 ParOldGen       total 366592K, used 366506K [0x0000000080000000, 0x0000000096600000, 0x00000000d5580000)
  object space 366592K, 99% used [0x0000000080000000,0x00000000965ea930,0x0000000096600000)
 Metaspace       used 55248K, committed 56576K, reserved 1114112K
  class space    used 5737K, committed 6336K, reserved 1048576K
}
Event: 27.849 GC heap before
{Heap before GC invocations=295 (full 3):
 PSYoungGen      total 4608K, used 4325K [0x00000000d5580000, 0x00000000d5b80000, 0x0000000100000000)
  eden space 3072K, 100% used [0x00000000d5580000,0x00000000d5880000,0x00000000d5880000)
  from space 1536K, 81% used [0x00000000d5880000,0x00000000d59b9528,0x00000000d5a00000)
  to   space 1536K, 0% used [0x00000000d5a00000,0x00000000d5a00000,0x00000000d5b80000)
 ParOldGen       total 366592K, used 366506K [0x0000000080000000, 0x0000000096600000, 0x00000000d5580000)
  object space 366592K, 99% used [0x0000000080000000,0x00000000965ea930,0x0000000096600000)
 Metaspace       used 55248K, committed 56576K, reserved 1114112K
  class space    used 5737K, committed 6336K, reserved 1048576K
}
Event: 27.852 GC heap after
{Heap after GC invocations=295 (full 3):
 PSYoungGen      total 4608K, used 1033K [0x00000000d5580000, 0x00000000d5c80000, 0x0000000100000000)
  eden space 3072K, 0% used [0x00000000d5580000,0x00000000d5580000,0x00000000d5880000)
  from space 1536K, 67% used [0x00000000d5a00000,0x00000000d5b02520,0x00000000d5b80000)
  to   space 1536K, 0% used [0x00000000d5880000,0x00000000d5880000,0x00000000d5a00000)
 ParOldGen       total 367104K, used 366731K [0x0000000080000000, 0x0000000096680000, 0x00000000d5580000)
  object space 367104K, 99% used [0x0000000080000000,0x0000000096622c40,0x0000000096680000)
 Metaspace       used 55248K, committed 56576K, reserved 1114112K
  class space    used 5737K, committed 6336K, reserved 1048576K
}
Event: 27.860 GC heap before
{Heap before GC invocations=296 (full 3):
 PSYoungGen      total 4608K, used 4105K [0x00000000d5580000, 0x00000000d5c80000, 0x0000000100000000)
  eden space 3072K, 100% used [0x00000000d5580000,0x00000000d5880000,0x00000000d5880000)
  from space 1536K, 67% used [0x00000000d5a00000,0x00000000d5b02520,0x00000000d5b80000)
  to   space 1536K, 0% used [0x00000000d5880000,0x00000000d5880000,0x00000000d5a00000)
 ParOldGen       total 367104K, used 366731K [0x0000000080000000, 0x0000000096680000, 0x00000000d5580000)
  object space 367104K, 99% used [0x0000000080000000,0x0000000096622c40,0x0000000096680000)
 Metaspace       used 55250K, committed 56576K, reserved 1114112K
  class space    used 5737K, committed 6336K, reserved 1048576K
}
Event: 27.863 GC heap after
{Heap after GC invocations=296 (full 3):
 PSYoungGen      total 4608K, used 969K [0x00000000d5580000, 0x00000000d5b80000, 0x0000000100000000)
  eden space 3072K, 0% used [0x00000000d5580000,0x00000000d5580000,0x00000000d5880000)
  from space 1536K, 63% used [0x00000000d5880000,0x00000000d5972548,0x00000000d5a00000)
  to   space 1024K, 0% used [0x00000000d5a80000,0x00000000d5a80000,0x00000000d5b80000)
 ParOldGen       total 367104K, used 366731K [0x0000000080000000, 0x0000000096680000, 0x00000000d5580000)
  object space 367104K, 99% used [0x0000000080000000,0x0000000096622c40,0x0000000096680000)
 Metaspace       used 55250K, committed 56576K, reserved 1114112K
  class space    used 5737K, committed 6336K, reserved 1048576K
}
Event: 27.869 GC heap before
{Heap before GC invocations=297 (full 3):
 PSYoungGen      total 4608K, used 4016K [0x00000000d5580000, 0x00000000d5b80000, 0x0000000100000000)
  eden space 3072K, 99% used [0x00000000d5580000,0x00000000d5879c18,0x00000000d5880000)
  from space 1536K, 63% used [0x00000000d5880000,0x00000000d5972548,0x00000000d5a00000)
  to   space 1024K, 0% used [0x00000000d5a80000,0x00000000d5a80000,0x00000000d5b80000)
 ParOldGen       total 367104K, used 366731K [0x0000000080000000, 0x0000000096680000, 0x00000000d5580000)
  object space 367104K, 99% used [0x0000000080000000,0x0000000096622c40,0x0000000096680000)
 Metaspace       used 55251K, committed 56576K, reserved 1114112K
  class space    used 5737K, committed 6336K, reserved 1048576K
}
Event: 27.871 GC heap after
{Heap after GC invocations=297 (full 3):
 PSYoungGen      total 4608K, used 1008K [0x00000000d5580000, 0x00000000d5c80000, 0x0000000100000000)
  eden space 3584K, 0% used [0x00000000d5580000,0x00000000d5580000,0x00000000d5900000)
  from space 1024K, 98% used [0x00000000d5a80000,0x00000000d5b7c090,0x00000000d5b80000)
  to   space 1536K, 0% used [0x00000000d5900000,0x00000000d5900000,0x00000000d5a80000)
 ParOldGen       total 367104K, used 366899K [0x0000000080000000, 0x0000000096680000, 0x00000000d5580000)
  object space 367104K, 99% used [0x0000000080000000,0x000000009664cc40,0x0000000096680000)
 Metaspace       used 55251K, committed 56576K, reserved 1114112K
  class space    used 5737K, committed 6336K, reserved 1048576K
}
Event: 27.878 GC heap before
{Heap before GC invocations=298 (full 3):
 PSYoungGen      total 4608K, used 4592K [0x00000000d5580000, 0x00000000d5c80000, 0x0000000100000000)
  eden space 3584K, 100% used [0x00000000d5580000,0x00000000d5900000,0x00000000d5900000)
  from space 1024K, 98% used [0x00000000d5a80000,0x00000000d5b7c090,0x00000000d5b80000)
  to   space 1536K, 0% used [0x00000000d5900000,0x00000000d5900000,0x00000000d5a80000)
 ParOldGen       total 367104K, used 366899K [0x0000000080000000, 0x0000000096680000, 0x00000000d5580000)
  object space 367104K, 99% used [0x0000000080000000,0x000000009664cc40,0x0000000096680000)
 Metaspace       used 55252K, committed 56576K, reserved 1114112K
  class space    used 5737K, committed 6336K, reserved 1048576K
}
Event: 27.880 GC heap after
{Heap after GC invocations=298 (full 3):
 PSYoungGen      total 5120K, used 1099K [0x00000000d5580000, 0x00000000d5d00000, 0x0000000100000000)
  eden space 3584K, 0% used [0x00000000d5580000,0x00000000d5580000,0x00000000d5900000)
  from space 1536K, 71% used [0x00000000d5900000,0x00000000d5a12e90,0x00000000d5a80000)
  to   space 1536K, 0% used [0x00000000d5b80000,0x00000000d5b80000,0x00000000d5d00000)
 ParOldGen       total 367104K, used 366907K [0x0000000080000000, 0x0000000096680000, 0x00000000d5580000)
  object space 367104K, 99% used [0x0000000080000000,0x000000009664ec40,0x0000000096680000)
 Metaspace       used 55252K, committed 56576K, reserved 1114112K
  class space    used 5737K, committed 6336K, reserved 1048576K
}
Event: 27.902 GC heap before
{Heap before GC invocations=299 (full 3):
 PSYoungGen      total 5120K, used 4683K [0x00000000d5580000, 0x00000000d5d00000, 0x0000000100000000)
  eden space 3584K, 100% used [0x00000000d5580000,0x00000000d5900000,0x00000000d5900000)
  from space 1536K, 71% used [0x00000000d5900000,0x00000000d5a12e90,0x00000000d5a80000)
  to   space 1536K, 0% used [0x00000000d5b80000,0x00000000d5b80000,0x00000000d5d00000)
 ParOldGen       total 367104K, used 366907K [0x0000000080000000, 0x0000000096680000, 0x00000000d5580000)
  object space 367104K, 99% used [0x0000000080000000,0x000000009664ec40,0x0000000096680000)
 Metaspace       used 55500K, committed 56832K, reserved 1114112K
  class space    used 5749K, committed 6336K, reserved 1048576K
}
Event: 27.904 GC heap after
{Heap after GC invocations=299 (full 3):
 PSYoungGen      total 5120K, used 256K [0x00000000d5580000, 0x00000000d5c00000, 0x0000000100000000)
  eden space 4608K, 0% used [0x00000000d5580000,0x00000000d5580000,0x00000000d5a00000)
  from space 512K, 50% used [0x00000000d5b80000,0x00000000d5bc0000,0x00000000d5c00000)
  to   space 1024K, 0% used [0x00000000d5a00000,0x00000000d5a00000,0x00000000d5b00000)
 ParOldGen       total 367104K, used 366907K [0x0000000080000000, 0x0000000096680000, 0x00000000d5580000)
  object space 367104K, 99% used [0x0000000080000000,0x000000009664ec40,0x0000000096680000)
 Metaspace       used 55500K, committed 56832K, reserved 1114112K
  class space    used 5749K, committed 6336K, reserved 1048576K
}
Event: 27.981 GC heap before
{Heap before GC invocations=300 (full 3):
 PSYoungGen      total 5120K, used 4864K [0x00000000d5580000, 0x00000000d5c00000, 0x0000000100000000)
  eden space 4608K, 100% used [0x00000000d5580000,0x00000000d5a00000,0x00000000d5a00000)
  from space 512K, 50% used [0x00000000d5b80000,0x00000000d5bc0000,0x00000000d5c00000)
  to   space 1024K, 0% used [0x00000000d5a00000,0x00000000d5a00000,0x00000000d5b00000)
 ParOldGen       total 367104K, used 366907K [0x0000000080000000, 0x0000000096680000, 0x00000000d5580000)
  object space 367104K, 99% used [0x0000000080000000,0x000000009664ec40,0x0000000096680000)
 Metaspace       used 56295K, committed 57600K, reserved 1114112K
  class space    used 5831K, committed 6400K, reserved 1048576K
}
Event: 27.984 GC heap after
{Heap after GC invocations=300 (full 3):
 PSYoungGen      total 5632K, used 192K [0x00000000d5580000, 0x00000000d5c00000, 0x0000000100000000)
  eden space 4608K, 0% used [0x00000000d5580000,0x00000000d5580000,0x00000000d5a00000)
  from space 1024K, 18% used [0x00000000d5a00000,0x00000000d5a30000,0x00000000d5b00000)
  to   space 512K, 0% used [0x00000000d5b80000,0x00000000d5b80000,0x00000000d5c00000)
 ParOldGen       total 367104K, used 367019K [0x0000000080000000, 0x0000000096680000, 0x00000000d5580000)
  object space 367104K, 99% used [0x0000000080000000,0x000000009666ac40,0x0000000096680000)
 Metaspace       used 56295K, committed 57600K, reserved 1114112K
  class space    used 5831K, committed 6400K, reserved 1048576K
}
Event: 28.128 GC heap before
{Heap before GC invocations=301 (full 3):
 PSYoungGen      total 5632K, used 4618K [0x00000000d5580000, 0x00000000d5c00000, 0x0000000100000000)
  eden space 4608K, 96% used [0x00000000d5580000,0x00000000d59d2a98,0x00000000d5a00000)
  from space 1024K, 18% used [0x00000000d5a00000,0x00000000d5a30000,0x00000000d5b00000)
  to   space 512K, 0% used [0x00000000d5b80000,0x00000000d5b80000,0x00000000d5c00000)
 ParOldGen       total 367104K, used 367019K [0x0000000080000000, 0x0000000096680000, 0x00000000d5580000)
  object space 367104K, 99% used [0x0000000080000000,0x000000009666ac40,0x0000000096680000)
 Metaspace       used 56796K, committed 58112K, reserved 1114112K
  class space    used 5879K, committed 6464K, reserved 1048576K
}
Event: 28.130 GC heap after
{Heap after GC invocations=301 (full 3):
 PSYoungGen      total 5120K, used 472K [0x00000000d5580000, 0x00000000d5c00000, 0x0000000100000000)
  eden space 4608K, 0% used [0x00000000d5580000,0x00000000d5580000,0x00000000d5a00000)
  from space 512K, 92% used [0x00000000d5b80000,0x00000000d5bf61d8,0x00000000d5c00000)
  to   space 1024K, 0% used [0x00000000d5a00000,0x00000000d5a00000,0x00000000d5b00000)
 ParOldGen       total 367104K, used 367075K [0x0000000080000000, 0x0000000096680000, 0x00000000d5580000)
  object space 367104K, 99% used [0x0000000080000000,0x0000000096678c40,0x0000000096680000)
 Metaspace       used 56796K, committed 58112K, reserved 1114112K
  class space    used 5879K, committed 6464K, reserved 1048576K
}
Event: 28.222 GC heap before
{Heap before GC invocations=302 (full 3):
 PSYoungGen      total 5120K, used 5080K [0x00000000d5580000, 0x00000000d5c00000, 0x0000000100000000)
  eden space 4608K, 100% used [0x00000000d5580000,0x00000000d5a00000,0x00000000d5a00000)
  from space 512K, 92% used [0x00000000d5b80000,0x00000000d5bf61d8,0x00000000d5c00000)
  to   space 1024K, 0% used [0x00000000d5a00000,0x00000000d5a00000,0x00000000d5b00000)
 ParOldGen       total 367104K, used 367075K [0x0000000080000000, 0x0000000096680000, 0x00000000d5580000)
  object space 367104K, 99% used [0x0000000080000000,0x0000000096678c40,0x0000000096680000)
 Metaspace       used 57019K, committed 58304K, reserved 1114112K
  class space    used 5903K, committed 6528K, reserved 1048576K
}
Event: 28.227 GC heap after
{Heap after GC invocations=302 (full 3):
 PSYoungGen      total 5632K, used 994K [0x00000000d5580000, 0x00000000d6000000, 0x0000000100000000)
  eden space 4608K, 0% used [0x00000000d5580000,0x00000000d5580000,0x00000000d5a00000)
  from space 1024K, 97% used [0x00000000d5a00000,0x00000000d5af8978,0x00000000d5b00000)
  to   space 3072K, 0% used [0x00000000d5d00000,0x00000000d5d00000,0x00000000d6000000)
 ParOldGen       total 368640K, used 368507K [0x0000000080000000, 0x0000000096800000, 0x00000000d5580000)
  object space 368640K, 99% used [0x0000000080000000,0x00000000967dec30,0x0000000096800000)
 Metaspace       used 57019K, committed 58304K, reserved 1114112K
  class space    used 5903K, committed 6528K, reserved 1048576K
}
Event: 28.282 GC heap before
{Heap before GC invocations=303 (full 3):
 PSYoungGen      total 5632K, used 5602K [0x00000000d5580000, 0x00000000d6000000, 0x0000000100000000)
  eden space 4608K, 100% used [0x00000000d5580000,0x00000000d5a00000,0x00000000d5a00000)
  from space 1024K, 97% used [0x00000000d5a00000,0x00000000d5af8978,0x00000000d5b00000)
  to   space 3072K, 0% used [0x00000000d5d00000,0x00000000d5d00000,0x00000000d6000000)
 ParOldGen       total 368640K, used 368507K [0x0000000080000000, 0x0000000096800000, 0x00000000d5580000)
  object space 368640K, 99% used [0x0000000080000000,0x00000000967dec30,0x0000000096800000)
 Metaspace       used 57265K, committed 58560K, reserved 1114112K
  class space    used 5936K, committed 6528K, reserved 1048576K
}
Event: 28.289 GC heap after
{Heap after GC invocations=303 (full 3):
 PSYoungGen      total 6656K, used 1992K [0x00000000d5580000, 0x00000000d5f00000, 0x0000000100000000)
  eden space 4608K, 0% used [0x00000000d5580000,0x00000000d5580000,0x00000000d5a00000)
  from space 2048K, 97% used [0x00000000d5d00000,0x00000000d5ef23c0,0x00000000d5f00000)
  to   space 2560K, 0% used [0x00000000d5a00000,0x00000000d5a00000,0x00000000d5c80000)
 ParOldGen       total 369664K, used 369250K [0x0000000080000000, 0x0000000096900000, 0x00000000d5580000)
  object space 369664K, 99% used [0x0000000080000000,0x0000000096898b70,0x0000000096900000)
 Metaspace       used 57265K, committed 58560K, reserved 1114112K
  class space    used 5936K, committed 6528K, reserved 1048576K
}

Dll operation events (10 events):
Event: 0.015 Loaded shared library c:\Users\BM COMPUTERS\.vscode\extensions\redhat.java-1.43.1-win32-x64\jre\21.0.7-win32-x86_64\bin\java.dll
Event: 0.108 Loaded shared library c:\Users\BM COMPUTERS\.vscode\extensions\redhat.java-1.43.1-win32-x64\jre\21.0.7-win32-x86_64\bin\zip.dll
Event: 0.131 Loaded shared library C:\Users\BM COMPUTERS\.vscode\extensions\redhat.java-1.43.1-win32-x64\jre\21.0.7-win32-x86_64\bin\instrument.dll
Event: 0.136 Loaded shared library C:\Users\BM COMPUTERS\.vscode\extensions\redhat.java-1.43.1-win32-x64\jre\21.0.7-win32-x86_64\bin\net.dll
Event: 0.139 Loaded shared library C:\Users\BM COMPUTERS\.vscode\extensions\redhat.java-1.43.1-win32-x64\jre\21.0.7-win32-x86_64\bin\nio.dll
Event: 0.143 Loaded shared library C:\Users\BM COMPUTERS\.vscode\extensions\redhat.java-1.43.1-win32-x64\jre\21.0.7-win32-x86_64\bin\zip.dll
Event: 0.163 Loaded shared library C:\Users\BM COMPUTERS\.vscode\extensions\redhat.java-1.43.1-win32-x64\jre\21.0.7-win32-x86_64\bin\jimage.dll
Event: 0.257 Loaded shared library c:\Users\BM COMPUTERS\.vscode\extensions\redhat.java-1.43.1-win32-x64\jre\21.0.7-win32-x86_64\bin\verify.dll
Event: 1.780 Loaded shared library C:\Users\BM COMPUTERS\AppData\Roaming\Code\User\globalStorage\redhat.java\1.43.1\config_win\org.eclipse.equinox.launcher\org.eclipse.equinox.launcher.win32.win32.x86_64_1.2.1300.v20250331-1702\eclipse_11911.dll
Event: 4.315 Loaded shared library C:\Users\BM COMPUTERS\AppData\Local\Temp\jna--1597833469\jna11970135988207667682.dll

Deoptimization events (20 events):
Event: 28.101 Thread 0x0000008a10132e60 DEOPT PACKING pc=0x00000089b976346c sp=0x0000008a1273dcf0
Event: 28.101 Thread 0x0000008a10132e60 DEOPT UNPACKING pc=0x00000089b8c13aa2 sp=0x0000008a1273dcc8 mode 2
Event: 28.101 Thread 0x0000008a10132e60 Uncommon trap: trap_request=0xffffff45 fr.pc=0x00000089b9764ad0 relative=0x00000000000003f0
Event: 28.101 Thread 0x0000008a10132e60 Uncommon trap: reason=unstable_if action=reinterpret pc=0x00000089b9764ad0 method=java.util.regex.Pattern.newSlice([IIZ)Ljava/util/regex/Pattern$Node; @ 10 c2
Event: 28.101 Thread 0x0000008a10132e60 DEOPT PACKING pc=0x00000089b9764ad0 sp=0x0000008a1273dc90
Event: 28.101 Thread 0x0000008a10132e60 DEOPT UNPACKING pc=0x00000089b8c13aa2 sp=0x0000008a1273dc40 mode 2
Event: 28.113 Thread 0x0000008a10132e60 Uncommon trap: trap_request=0xffffff45 fr.pc=0x00000089b9712c0c relative=0x000000000000006c
Event: 28.113 Thread 0x0000008a10132e60 Uncommon trap: reason=unstable_if action=reinterpret pc=0x00000089b9712c0c method=org.eclipse.core.internal.localstore.UnifiedTree.isValidLevel(II)Z @ 1 c2
Event: 28.113 Thread 0x0000008a10132e60 DEOPT PACKING pc=0x00000089b9712c0c sp=0x0000008a1273e250
Event: 28.113 Thread 0x0000008a10132e60 DEOPT UNPACKING pc=0x00000089b8c13aa2 sp=0x0000008a1273e1d8 mode 2
Event: 28.116 Thread 0x0000008a10132e60 Uncommon trap: trap_request=0xffffffbe fr.pc=0x00000089b95697e0 relative=0x00000000000007a0
Event: 28.116 Thread 0x0000008a10132e60 Uncommon trap: reason=profile_predicate action=maybe_recompile pc=0x00000089b95697e0 method=org.eclipse.jdt.internal.compiler.util.SimpleLookupTable.put(Ljava/lang/Object;Ljava/lang/Object;)Ljava/lang/Object; @ 61 c2
Event: 28.116 Thread 0x0000008a10132e60 DEOPT PACKING pc=0x00000089b95697e0 sp=0x0000008a1273d530
Event: 28.116 Thread 0x0000008a10132e60 DEOPT UNPACKING pc=0x00000089b8c13aa2 sp=0x0000008a1273d4d8 mode 2
Event: 28.125 Thread 0x0000008a10132e60 Uncommon trap: trap_request=0xffffff45 fr.pc=0x00000089b9699060 relative=0x0000000000000880
Event: 28.125 Thread 0x0000008a10132e60 Uncommon trap: reason=unstable_if action=reinterpret pc=0x00000089b9699060 method=org.eclipse.core.runtime.Path.append(Ljava/lang/String;)Lorg/eclipse/core/runtime/IPath; @ 7 c2
Event: 28.125 Thread 0x0000008a10132e60 DEOPT PACKING pc=0x00000089b9699060 sp=0x0000008a1273dcb0
Event: 28.125 Thread 0x0000008a10132e60 DEOPT UNPACKING pc=0x00000089b8c13aa2 sp=0x0000008a1273dc78 mode 2
Event: 28.234 Thread 0x0000008a10132e60 DEOPT PACKING pc=0x00000089b1e86b33 sp=0x0000008a1273bac0
Event: 28.234 Thread 0x0000008a10132e60 DEOPT UNPACKING pc=0x00000089b8c14242 sp=0x0000008a1273aff0 mode 0

Classes loaded (20 events):
Event: 24.845 Loading class sun/nio/fs/Globs
Event: 24.846 Loading class sun/nio/fs/Globs done
Event: 24.846 Loading class java/util/regex/Pattern$SliceU
Event: 24.846 Loading class java/util/regex/Pattern$SliceU done
Event: 24.847 Loading class sun/nio/fs/WindowsFileSystem$2
Event: 24.847 Loading class java/nio/file/PathMatcher
Event: 24.847 Loading class java/nio/file/PathMatcher done
Event: 24.847 Loading class sun/nio/fs/WindowsFileSystem$2 done
Event: 27.267 Loading class java/nio/file/FileTreeIterator
Event: 27.272 Loading class java/nio/file/FileTreeIterator done
Event: 27.683 Loading class java/lang/UnsupportedClassVersionError
Event: 27.683 Loading class java/lang/UnsupportedClassVersionError done
Event: 28.100 Loading class java/util/regex/PatternSyntaxException
Event: 28.101 Loading class java/util/regex/PatternSyntaxException done
Event: 28.235 Loading class java/util/Collections$SynchronizedRandomAccessList
Event: 28.235 Loading class java/util/Collections$SynchronizedList
Event: 28.236 Loading class java/util/Collections$SynchronizedList done
Event: 28.236 Loading class java/util/Collections$SynchronizedRandomAccessList done
Event: 28.270 Loading class java/util/concurrent/CompletableFuture$Signaller
Event: 28.270 Loading class java/util/concurrent/CompletableFuture$Signaller done

Classes unloaded (13 events):
Event: 4.987 Thread 0x00000089c55d27a0 Unloading class 0x00000089c71a2800 'java/lang/invoke/LambdaForm$MH+0x00000089c71a2800'
Event: 4.987 Thread 0x00000089c55d27a0 Unloading class 0x00000089c71a2400 'java/lang/invoke/LambdaForm$MH+0x00000089c71a2400'
Event: 4.987 Thread 0x00000089c55d27a0 Unloading class 0x00000089c71a2000 'java/lang/invoke/LambdaForm$MH+0x00000089c71a2000'
Event: 4.987 Thread 0x00000089c55d27a0 Unloading class 0x00000089c71a1c00 'java/lang/invoke/LambdaForm$MH+0x00000089c71a1c00'
Event: 4.987 Thread 0x00000089c55d27a0 Unloading class 0x00000089c71a1800 'java/lang/invoke/LambdaForm$BMH+0x00000089c71a1800'
Event: 4.987 Thread 0x00000089c55d27a0 Unloading class 0x00000089c71a1400 'java/lang/invoke/LambdaForm$DMH+0x00000089c71a1400'
Event: 4.987 Thread 0x00000089c55d27a0 Unloading class 0x00000089c71a0000 'java/lang/invoke/LambdaForm$DMH+0x00000089c71a0000'
Event: 6.564 Thread 0x00000089c55d27a0 Unloading class 0x00000089c7310800 'java/lang/invoke/LambdaForm$MH+0x00000089c7310800'
Event: 6.564 Thread 0x00000089c55d27a0 Unloading class 0x00000089c730bc00 'java/lang/invoke/LambdaForm$MH+0x00000089c730bc00'
Event: 6.564 Thread 0x00000089c55d27a0 Unloading class 0x00000089c730b400 'java/lang/invoke/LambdaForm$MH+0x00000089c730b400'
Event: 6.564 Thread 0x00000089c55d27a0 Unloading class 0x00000089c730ac00 'java/lang/invoke/LambdaForm$MH+0x00000089c730ac00'
Event: 6.564 Thread 0x00000089c55d27a0 Unloading class 0x00000089c730a800 'java/lang/invoke/LambdaForm$DMH+0x00000089c730a800'
Event: 6.564 Thread 0x00000089c55d27a0 Unloading class 0x00000089c7309c00 'java/lang/invoke/LambdaForm$MH+0x00000089c7309c00'

Classes redefined (0 events):
No events

Internal exceptions (20 events):
Event: 27.196 Thread 0x0000008a0c46fc20 Exception <a 'sun/nio/fs/WindowsException'{0x00000000d57b7e88}> (0x00000000d57b7e88) 
thrown [s\src\hotspot\share\prims\jni.cpp, line 520]
Event: 27.197 Thread 0x0000008a0c46fc20 Exception <a 'sun/nio/fs/WindowsException'{0x00000000d57bb358}> (0x00000000d57bb358) 
thrown [s\src\hotspot\share\prims\jni.cpp, line 520]
Event: 27.197 Thread 0x0000008a0c46fc20 Exception <a 'sun/nio/fs/WindowsException'{0x00000000d57beaa8}> (0x00000000d57beaa8) 
thrown [s\src\hotspot\share\prims\jni.cpp, line 520]
Event: 27.198 Thread 0x0000008a0c46fc20 Exception <a 'sun/nio/fs/WindowsException'{0x00000000d57c76f8}> (0x00000000d57c76f8) 
thrown [s\src\hotspot\share\prims\jni.cpp, line 520]
Event: 27.199 Thread 0x0000008a0c46fc20 Exception <a 'sun/nio/fs/WindowsException'{0x00000000d57ca778}> (0x00000000d57ca778) 
thrown [s\src\hotspot\share\prims\jni.cpp, line 520]
Event: 27.199 Thread 0x0000008a0c46fc20 Exception <a 'sun/nio/fs/WindowsException'{0x00000000d57cd778}> (0x00000000d57cd778) 
thrown [s\src\hotspot\share\prims\jni.cpp, line 520]
Event: 27.200 Thread 0x0000008a0c46fc20 Exception <a 'sun/nio/fs/WindowsException'{0x00000000d57d0860}> (0x00000000d57d0860) 
thrown [s\src\hotspot\share\prims\jni.cpp, line 520]
Event: 27.201 Thread 0x0000008a0c46fc20 Exception <a 'sun/nio/fs/WindowsException'{0x00000000d57d3b90}> (0x00000000d57d3b90) 
thrown [s\src\hotspot\share\prims\jni.cpp, line 520]
Event: 27.201 Thread 0x0000008a0c46fc20 Exception <a 'sun/nio/fs/WindowsException'{0x00000000d57d74a0}> (0x00000000d57d74a0) 
thrown [s\src\hotspot\share\prims\jni.cpp, line 520]
Event: 27.202 Thread 0x0000008a0c46fc20 Exception <a 'sun/nio/fs/WindowsException'{0x00000000d57db350}> (0x00000000d57db350) 
thrown [s\src\hotspot\share\prims\jni.cpp, line 520]
Event: 27.203 Thread 0x0000008a0c46fc20 Exception <a 'sun/nio/fs/WindowsException'{0x00000000d57dfbe0}> (0x00000000d57dfbe0) 
thrown [s\src\hotspot\share\prims\jni.cpp, line 520]
Event: 27.204 Thread 0x0000008a0c46fc20 Exception <a 'sun/nio/fs/WindowsException'{0x00000000d57e3690}> (0x00000000d57e3690) 
thrown [s\src\hotspot\share\prims\jni.cpp, line 520]
Event: 27.205 Thread 0x0000008a0c46fc20 Exception <a 'sun/nio/fs/WindowsException'{0x00000000d57e7a08}> (0x00000000d57e7a08) 
thrown [s\src\hotspot\share\prims\jni.cpp, line 520]
Event: 27.206 Thread 0x0000008a0c46fc20 Exception <a 'sun/nio/fs/WindowsException'{0x00000000d57eb390}> (0x00000000d57eb390) 
thrown [s\src\hotspot\share\prims\jni.cpp, line 520]
Event: 27.206 Thread 0x0000008a0c46fc20 Exception <a 'sun/nio/fs/WindowsException'{0x00000000d57ee5f8}> (0x00000000d57ee5f8) 
thrown [s\src\hotspot\share\prims\jni.cpp, line 520]
Event: 27.703 Thread 0x0000008a0c46fc20 Exception <a 'java/lang/NoSuchMethodError'{0x00000000d569f098}: 'int java.lang.invoke.Invokers$Holder.invokeExact_MT(java.lang.Object, java.lang.Object)'> (0x00000000d569f098) 
thrown [s\src\hotspot\share\interpreter\linkResolver.cpp, line 773]
Event: 28.097 Thread 0x0000008a10132e60 Implicit null exception at 0x00000089b94cb53c to 0x00000089b94cce0e
Event: 28.097 Thread 0x0000008a10132e60 Implicit null exception at 0x00000089b96bd880 to 0x00000089b96bd8e5
Event: 28.131 Thread 0x0000008a10132e60 Exception <a 'java/lang/NoSuchMethodError'{0x00000000d55c2cc8}: 'java.lang.Object java.lang.invoke.DirectMethodHandle$Holder.invokeStatic(java.lang.Object, java.lang.Object, int, java.lang.Object)'> (0x00000000d55c2cc8) 
thrown [s\src\hotspot\share\interpreter\linkResolver.cpp, line 773]
Event: 28.133 Thread 0x0000008a10132e60 Exception <a 'java/lang/NoSuchMethodError'{0x00000000d5623430}: 'java.lang.Object java.lang.invoke.DirectMethodHandle$Holder.newInvokeSpecial(java.lang.Object, java.lang.Object, int)'> (0x00000000d5623430) 
thrown [s\src\hotspot\share\interpreter\linkResolver.cpp, line 773]

ZGC Phase Switch (0 events):
No events

VM Operations (20 events):
Event: 27.902 Executing VM operation: ParallelGCFailedAllocation (Allocation Failure)
Event: 27.904 Executing VM operation: ParallelGCFailedAllocation (Allocation Failure) done
Event: 27.981 Executing VM operation: ParallelGCFailedAllocation (Allocation Failure)
Event: 27.984 Executing VM operation: ParallelGCFailedAllocation (Allocation Failure) done
Event: 28.127 Executing VM operation: ParallelGCFailedAllocation (Allocation Failure)
Event: 28.131 Executing VM operation: ParallelGCFailedAllocation (Allocation Failure) done
Event: 28.199 Executing VM operation: HandshakeAllThreads (Deoptimize)
Event: 28.199 Executing VM operation: HandshakeAllThreads (Deoptimize) done
Event: 28.206 Executing VM operation: HandshakeAllThreads (Deoptimize)
Event: 28.207 Executing VM operation: HandshakeAllThreads (Deoptimize) done
Event: 28.211 Executing VM operation: HandshakeAllThreads (Deoptimize)
Event: 28.216 Executing VM operation: HandshakeAllThreads (Deoptimize) done
Event: 28.222 Executing VM operation: ParallelGCFailedAllocation (Allocation Failure)
Event: 28.227 Executing VM operation: ParallelGCFailedAllocation (Allocation Failure) done
Event: 28.275 Executing VM operation: HandshakeAllThreads (Deoptimize)
Event: 28.282 Executing VM operation: HandshakeAllThreads (Deoptimize) done
Event: 28.282 Executing VM operation: ParallelGCFailedAllocation (Allocation Failure)
Event: 28.289 Executing VM operation: ParallelGCFailedAllocation (Allocation Failure) done
Event: 28.294 Executing VM operation: HandshakeAllThreads (Deoptimize)
Event: 28.298 Executing VM operation: HandshakeAllThreads (Deoptimize) done

Memory protections (0 events):
No events

Nmethod flushes (20 events):
Event: 19.764 Thread 0x00000089c55d27a0 flushing  nmethod 0x00000089b1ee9490
Event: 19.764 Thread 0x00000089c55d27a0 flushing  nmethod 0x00000089b1ef1490
Event: 19.764 Thread 0x00000089c55d27a0 flushing  nmethod 0x00000089b1ef9b10
Event: 19.764 Thread 0x00000089c55d27a0 flushing  nmethod 0x00000089b1efc390
Event: 19.764 Thread 0x00000089c55d27a0 flushing  nmethod 0x00000089b1efdc90
Event: 19.764 Thread 0x00000089c55d27a0 flushing  nmethod 0x00000089b1efe290
Event: 19.764 Thread 0x00000089c55d27a0 flushing  nmethod 0x00000089b1f02010
Event: 19.764 Thread 0x00000089c55d27a0 flushing  nmethod 0x00000089b1f02710
Event: 19.764 Thread 0x00000089c55d27a0 flushing  nmethod 0x00000089b1f04910
Event: 19.764 Thread 0x00000089c55d27a0 flushing  nmethod 0x00000089b1f1dc90
Event: 19.764 Thread 0x00000089c55d27a0 flushing  nmethod 0x00000089b1f35790
Event: 19.764 Thread 0x00000089c55d27a0 flushing  nmethod 0x00000089b1f41610
Event: 19.764 Thread 0x00000089c55d27a0 flushing  nmethod 0x00000089b1f54490
Event: 19.764 Thread 0x00000089c55d27a0 flushing  nmethod 0x00000089b1f6fa90
Event: 19.764 Thread 0x00000089c55d27a0 flushing  nmethod 0x00000089b1f75210
Event: 19.764 Thread 0x00000089c55d27a0 flushing  nmethod 0x00000089b1f78790
Event: 19.764 Thread 0x00000089c55d27a0 flushing  nmethod 0x00000089b1f94890
Event: 19.764 Thread 0x00000089c55d27a0 flushing  nmethod 0x00000089b1f96390
Event: 19.764 Thread 0x00000089c55d27a0 flushing  nmethod 0x00000089b1fa4890
Event: 19.764 Thread 0x00000089c55d27a0 flushing  nmethod 0x00000089b1fa4c10

Events (20 events):
Event: 15.742 Thread 0x0000008a0c31fc80 Thread exited: 0x0000008a0c31fc80
Event: 16.021 Thread 0x0000008a0b3900e0 Thread exited: 0x0000008a0b3900e0
Event: 18.283 Thread 0x00000089c562a970 Thread added: 0x0000008a0cb4af10
Event: 18.609 Thread 0x0000008a0cb4af10 Thread exited: 0x0000008a0cb4af10
Event: 21.131 Thread 0x00000089c562a970 Thread added: 0x0000008a0cb4af10
Event: 21.575 Thread 0x0000008a0cb4af10 Thread exited: 0x0000008a0cb4af10
Event: 22.213 Thread 0x00000089c562a970 Thread added: 0x0000008a0cb4af10
Event: 23.232 Thread 0x0000008a0cb4af10 Thread exited: 0x0000008a0cb4af10
Event: 23.883 Thread 0x00000089c562a970 Thread added: 0x0000008a0cb4af10
Event: 23.887 Thread 0x0000008a0c470fd0 Thread added: 0x0000008a0ff5ce20
Event: 23.887 Thread 0x0000008a0c470fd0 Thread added: 0x0000008a0ff5db40
Event: 23.888 Thread 0x0000008a0c470fd0 Thread added: 0x0000008a0ff60fc0
Event: 23.888 Thread 0x0000008a0c470fd0 Thread added: 0x0000008a0ff60930
Event: 24.127 Thread 0x0000008a0cb4af10 Thread exited: 0x0000008a0cb4af10
Event: 24.304 Thread 0x0000008a0c470fd0 Thread added: 0x0000008a0ff61650
Event: 24.591 Thread 0x00000089c562a970 Thread added: 0x0000008a0cb4af10
Event: 24.601 Thread 0x0000008a0c470fd0 Thread added: 0x0000008a0ff5e1d0
Event: 24.613 Thread 0x0000008a0c470fd0 Thread added: 0x0000008a0ff5f580
Event: 27.450 Thread 0x0000008a0cb4af10 Thread exited: 0x0000008a0cb4af10
Event: 27.768 Thread 0x00000089c562a970 Thread added: 0x0000008a0e660570


Dynamic libraries:
0x00007ff7de9a0000 - 0x00007ff7de9ae000 	c:\Users\BM COMPUTERS\.vscode\extensions\redhat.java-1.43.1-win32-x64\jre\21.0.7-win32-x86_64\bin\java.exe
0x00007fffffd80000 - 0x00007ffffffe2000 	C:\WINDOWS\SYSTEM32\ntdll.dll
0x00007ffffeb70000 - 0x00007ffffec39000 	C:\WINDOWS\System32\KERNEL32.DLL
0x00007ffffcea0000 - 0x00007ffffd291000 	C:\WINDOWS\System32\KERNELBASE.dll
0x00007ffffd830000 - 0x00007ffffd97f000 	C:\WINDOWS\System32\ucrtbase.dll
0x00007fffe8880000 - 0x00007fffe8898000 	c:\Users\BM COMPUTERS\.vscode\extensions\redhat.java-1.43.1-win32-x64\jre\21.0.7-win32-x86_64\bin\jli.dll
0x00007fffeed80000 - 0x00007fffeed9e000 	c:\Users\BM COMPUTERS\.vscode\extensions\redhat.java-1.43.1-win32-x64\jre\21.0.7-win32-x86_64\bin\VCRUNTIME140.dll
0x00007fffff700000 - 0x00007fffff8c9000 	C:\WINDOWS\System32\USER32.dll
0x00007ffffd800000 - 0x00007ffffd827000 	C:\WINDOWS\System32\win32u.dll
0x00007fffeab50000 - 0x00007fffeadea000 	C:\WINDOWS\WinSxS\amd64_microsoft.windows.common-controls_6595b64144ccf1df_6.0.27902.1000_none_167b6f799d700079\COMCTL32.dll
0x00007ffffe970000 - 0x00007ffffe9a3000 	C:\WINDOWS\System32\GDI32.dll
0x00007ffffed40000 - 0x00007ffffede9000 	C:\WINDOWS\System32\msvcrt.dll
0x00007ffffd490000 - 0x00007ffffd5c1000 	C:\WINDOWS\System32\gdi32full.dll
0x00007ffffda10000 - 0x00007ffffdab4000 	C:\WINDOWS\System32\msvcp_win.dll
0x00007ffffedf0000 - 0x00007ffffee96000 	C:\WINDOWS\System32\sechost.dll
0x00007ff800000000 - 0x00007ff800030000 	C:\WINDOWS\System32\IMM32.DLL
0x00007ffff8320000 - 0x00007ffff832c000 	c:\Users\BM COMPUTERS\.vscode\extensions\redhat.java-1.43.1-win32-x64\jre\21.0.7-win32-x86_64\bin\vcruntime140_1.dll
0x00007fffd90a0000 - 0x00007fffd912d000 	c:\Users\BM COMPUTERS\.vscode\extensions\redhat.java-1.43.1-win32-x64\jre\21.0.7-win32-x86_64\bin\msvcp140.dll
0x00007fff65360000 - 0x00007fff660f0000 	c:\Users\BM COMPUTERS\.vscode\extensions\redhat.java-1.43.1-win32-x64\jre\21.0.7-win32-x86_64\bin\server\jvm.dll
0x00007fffff8d0000 - 0x00007fffff984000 	C:\WINDOWS\System32\ADVAPI32.dll
0x00007ffffe7c0000 - 0x00007ffffe8d3000 	C:\WINDOWS\System32\RPCRT4.dll
0x00007ffffe8e0000 - 0x00007ffffe955000 	C:\WINDOWS\System32\WS2_32.dll
0x00007ffff5440000 - 0x00007ffff544b000 	C:\WINDOWS\SYSTEM32\VERSION.dll
0x00007ffffcd30000 - 0x00007ffffcd8d000 	C:\WINDOWS\SYSTEM32\POWRPROF.dll
0x00007ffff3c60000 - 0x00007ffff3c96000 	C:\WINDOWS\SYSTEM32\WINMM.dll
0x00007ffffcd10000 - 0x00007ffffcd29000 	C:\WINDOWS\SYSTEM32\UMPDC.dll
0x00007ffffbcb0000 - 0x00007ffffbccb000 	C:\WINDOWS\SYSTEM32\kernel.appcore.dll
0x00007fffea7e0000 - 0x00007fffea7ea000 	c:\Users\BM COMPUTERS\.vscode\extensions\redhat.java-1.43.1-win32-x64\jre\21.0.7-win32-x86_64\bin\jimage.dll
0x00007fffefde0000 - 0x00007ffff00b1000 	C:\WINDOWS\SYSTEM32\DBGHELP.DLL
0x00007ffffdf10000 - 0x00007ffffe296000 	C:\WINDOWS\System32\combase.dll
0x00007ffffec40000 - 0x00007ffffed21000 	C:\WINDOWS\System32\OLEAUT32.dll
0x00007fffe2780000 - 0x00007fffe27d3000 	C:\WINDOWS\SYSTEM32\dbgcore.DLL
0x00007ffffd5d0000 - 0x00007ffffd66e000 	C:\WINDOWS\System32\bcryptPrimitives.dll
0x00007fffda3a0000 - 0x00007fffda3af000 	c:\Users\BM COMPUTERS\.vscode\extensions\redhat.java-1.43.1-win32-x64\jre\21.0.7-win32-x86_64\bin\instrument.dll
0x00007fffd9080000 - 0x00007fffd909f000 	c:\Users\BM COMPUTERS\.vscode\extensions\redhat.java-1.43.1-win32-x64\jre\21.0.7-win32-x86_64\bin\java.dll
0x00007ffffeea0000 - 0x00007fffff5f2000 	C:\WINDOWS\System32\SHELL32.dll
0x00007ffffd310000 - 0x00007ffffd485000 	C:\WINDOWS\System32\wintypes.dll
0x00007ffffab30000 - 0x00007ffffb39f000 	C:\WINDOWS\SYSTEM32\windows.storage.dll
0x00007ffffdbb0000 - 0x00007ffffdca7000 	C:\WINDOWS\System32\SHCORE.dll
0x00007ffffe2a0000 - 0x00007ffffe30a000 	C:\WINDOWS\System32\shlwapi.dll
0x00007ffffcdb0000 - 0x00007ffffcddf000 	C:\WINDOWS\SYSTEM32\profapi.dll
0x00007fffe5590000 - 0x00007fffe55a8000 	c:\Users\BM COMPUTERS\.vscode\extensions\redhat.java-1.43.1-win32-x64\jre\21.0.7-win32-x86_64\bin\zip.dll
0x00007fffd9e80000 - 0x00007fffd9e90000 	C:\Users\BM COMPUTERS\.vscode\extensions\redhat.java-1.43.1-win32-x64\jre\21.0.7-win32-x86_64\bin\net.dll
0x00007ffff4cd0000 - 0x00007ffff4ded000 	C:\WINDOWS\SYSTEM32\WINHTTP.dll
0x00007ffffd2a0000 - 0x00007ffffd30b000 	C:\WINDOWS\System32\mswsock.dll
0x00007fffd70d0000 - 0x00007fffd70e6000 	C:\Users\BM COMPUTERS\.vscode\extensions\redhat.java-1.43.1-win32-x64\jre\21.0.7-win32-x86_64\bin\nio.dll
0x00007fffd93b0000 - 0x00007fffd93c0000 	c:\Users\BM COMPUTERS\.vscode\extensions\redhat.java-1.43.1-win32-x64\jre\21.0.7-win32-x86_64\bin\verify.dll
0x00007fffd7030000 - 0x00007fffd7075000 	C:\Users\BM COMPUTERS\AppData\Roaming\Code\User\globalStorage\redhat.java\1.43.1\config_win\org.eclipse.equinox.launcher\org.eclipse.equinox.launcher.win32.win32.x86_64_1.2.1300.v20250331-1702\eclipse_11911.dll
0x00007ffffe9b0000 - 0x00007ffffeb4f000 	C:\WINDOWS\System32\ole32.dll
0x00007ffffc560000 - 0x00007ffffc57a000 	C:\WINDOWS\SYSTEM32\CRYPTSP.dll
0x00007ffffbc10000 - 0x00007ffffbc49000 	C:\WINDOWS\system32\rsaenh.dll
0x00007ffffc210000 - 0x00007ffffc23b000 	C:\WINDOWS\SYSTEM32\USERENV.dll
0x00007ffffdb80000 - 0x00007ffffdba9000 	C:\WINDOWS\System32\bcrypt.dll
0x00007ffffc3b0000 - 0x00007ffffc3bc000 	C:\WINDOWS\SYSTEM32\CRYPTBASE.dll
0x00007ffffb6b0000 - 0x00007ffffb6e4000 	C:\WINDOWS\SYSTEM32\IPHLPAPI.DLL
0x00007ff800040000 - 0x00007ff80004a000 	C:\WINDOWS\System32\NSI.dll
0x00007fffe0160000 - 0x00007fffe01a9000 	C:\Users\BM COMPUTERS\AppData\Local\Temp\jna--1597833469\jna11970135988207667682.dll
0x00007ffffeb60000 - 0x00007ffffeb68000 	C:\WINDOWS\System32\PSAPI.DLL
0x00007ffff4840000 - 0x00007ffff485e000 	C:\WINDOWS\SYSTEM32\dhcpcsvc6.DLL
0x00007ffff4810000 - 0x00007ffff4835000 	C:\WINDOWS\SYSTEM32\dhcpcsvc.DLL

dbghelp: loaded successfully - version: 4.0.5 - missing functions: none
symbol engine: initialized successfully - sym options: 0x614 - pdb path: .;c:\Users\BM COMPUTERS\.vscode\extensions\redhat.java-1.43.1-win32-x64\jre\21.0.7-win32-x86_64\bin;C:\WINDOWS\SYSTEM32;C:\WINDOWS\WinSxS\amd64_microsoft.windows.common-controls_6595b64144ccf1df_6.0.27902.1000_none_167b6f799d700079;c:\Users\BM COMPUTERS\.vscode\extensions\redhat.java-1.43.1-win32-x64\jre\21.0.7-win32-x86_64\bin\server;C:\Users\BM COMPUTERS\AppData\Roaming\Code\User\globalStorage\redhat.java\1.43.1\config_win\org.eclipse.equinox.launcher\org.eclipse.equinox.launcher.win32.win32.x86_64_1.2.1300.v20250331-1702;C:\Users\BM COMPUTERS\AppData\Local\Temp\jna--1597833469

VM Arguments:
jvm_args: --add-modules=ALL-SYSTEM --add-opens=java.base/java.util=ALL-UNNAMED --add-opens=java.base/java.lang=ALL-UNNAMED --add-opens=java.base/sun.nio.fs=ALL-UNNAMED -Declipse.application=org.eclipse.jdt.ls.core.id1 -Dosgi.bundles.defaultStartLevel=4 -Declipse.product=org.eclipse.jdt.ls.core.product -Djava.import.generatesMetadataFilesAtProjectRoot=false -DDetectVMInstallationsJob.disabled=true -Dfile.encoding=utf8 -XX:+UseParallelGC -XX:GCTimeRatio=4 -XX:AdaptiveSizePolicyWeight=90 -Dsun.zip.disableMemoryMapping=true -Xmx2G -Xms100m -Xlog:disable -javaagent:c:\Users\BM COMPUTERS\.vscode\extensions\redhat.java-1.43.1-win32-x64\lombok\lombok-1.18.39-4050.jar -XX:+HeapDumpOnOutOfMemoryError -XX:HeapDumpPath=c:\Users\BM COMPUTERS\AppData\Roaming\Code\User\workspaceStorage\f09e9a9544a228f8012ab152b426607c\redhat.java -Daether.dependencyCollector.impl=bf 
java_command: c:\Users\BM COMPUTERS\.vscode\extensions\redhat.java-1.43.1-win32-x64\server\plugins\org.eclipse.equinox.launcher_1.7.0.v20250519-0528.jar -configuration c:\Users\BM COMPUTERS\AppData\Roaming\Code\User\globalStorage\redhat.java\1.43.1\config_win -data c:\Users\BM COMPUTERS\AppData\Roaming\Code\User\workspaceStorage\f09e9a9544a228f8012ab152b426607c\redhat.java\jdt_ws --pipe=\\.\pipe\lsp-41f790162ead18fd3029bbf3de1dcee0-sock
java_class_path (initial): c:\Users\BM COMPUTERS\.vscode\extensions\redhat.java-1.43.1-win32-x64\server\plugins\org.eclipse.equinox.launcher_1.7.0.v20250519-0528.jar
Launcher Type: SUN_STANDARD

[Global flags]
    uintx AdaptiveSizePolicyWeight                 = 90                                        {product} {command line}
     intx CICompilerCount                          = 4                                         {product} {ergonomic}
    uintx GCTimeRatio                              = 4                                         {product} {command line}
     bool HeapDumpOnOutOfMemoryError               = true                                   {manageable} {command line}
    ccstr HeapDumpPath                             = c:\Users\BM COMPUTERS\AppData\Roaming\Code\User\workspaceStorage\f09e9a9544a228f8012ab152b426607c\redhat.java         {manageable} {command line}
   size_t InitialHeapSize                          = 104857600                                 {product} {command line}
   size_t MaxHeapSize                              = 2147483648                                {product} {command line}
   size_t MaxNewSize                               = 715653120                                 {product} {ergonomic}
   size_t MinHeapDeltaBytes                        = 524288                                    {product} {ergonomic}
   size_t MinHeapSize                              = 104857600                                 {product} {command line}
   size_t NewSize                                  = 34603008                                  {product} {ergonomic}
    uintx NonNMethodCodeHeapSize                   = 5839372                                {pd product} {ergonomic}
    uintx NonProfiledCodeHeapSize                  = 122909434                              {pd product} {ergonomic}
   size_t OldSize                                  = 70254592                                  {product} {ergonomic}
    uintx ProfiledCodeHeapSize                     = 122909434                              {pd product} {ergonomic}
    uintx ReservedCodeCacheSize                    = 251658240                              {pd product} {ergonomic}
     bool SegmentedCodeCache                       = true                                      {product} {ergonomic}
   size_t SoftMaxHeapSize                          = 2147483648                             {manageable} {ergonomic}
     bool UseCompressedOops                        = true                           {product lp64_product} {ergonomic}
     bool UseLargePagesIndividualAllocation        = false                                  {pd product} {ergonomic}
     bool UseParallelGC                            = true                                      {product} {command line}

Logging:
Log output configuration:
 #0: stdout all=off uptime,level,tags foldmultilines=false
 #1: stderr all=off uptime,level,tags foldmultilines=false

Environment Variables:
PATH=C:\Program Files\Common Files\Oracle\Java\javapath;C:\Users\BM COMPUTERS\AppData\Local\Programs\Microsoft VS Code\bin;C:\MinGW\bin;C:\WINDOWS\system32;C:\WINDOWS;C:\WINDOWS\System32\Wbem;C:\WINDOWS\System32\WindowsPowerShell\v1.0\;C:\WINDOWS\System32\OpenSSH\;C:\Program Files\dotnet\;C:\Program Files\Java\jdk-24\bin;C:\Program Files\Git\cmd;C:\Users\BM COMPUTERS\AppData\Local\JetBrains\IntelliJ IDEA Community Edition 2025.1.3\bin;;C:\MinGW\bin;C:\Users\BM COMPUTERS\AppData\Local\Programs\Microsoft VS Code\bin;C:\Users\BM COMPUTERS\AppData\Local\GitHubDesktop\bin;C:\Users\BM COMPUTERS\AppData\Local\Microsoft\WindowsApps;C:\ProgramData\BM COMPUTERS\GitHubDesktop\bin;
USERNAME=BM COMPUTERS
OS=Windows_NT
PROCESSOR_IDENTIFIER=AMD64 Family 23 Model 17 Stepping 0, AuthenticAMD
TMP=C:\Users\BMCOMP~1\AppData\Local\Temp
TEMP=C:\Users\BMCOMP~1\AppData\Local\Temp




Periodic native trim disabled

---------------  S Y S T E M  ---------------

OS:
 Windows 11 , 64 bit Build 27902 (10.0.27902.1000)
OS uptime: 0 days 2:11 hours
Hyper-V role detected

CPU: total 8 (initial active 8) (8 cores per cpu, 2 threads per core) family 23 model 17 stepping 0 microcode 0x8101016, cx8, cmov, fxsr, ht, mmx, 3dnowpref, sse, sse2, sse3, ssse3, sse4a, sse4.1, sse4.2, popcnt, lzcnt, tsc, tscinvbit, avx, avx2, aes, clmul, bmi1, bmi2, adx, sha, fma, vzeroupper, clflush, clflushopt, hv, rdtscp, f16c
Processor Information for the first 8 processors :
  Max Mhz: 2000, Current Mhz: 2000, Mhz Limit: 2000

Memory: 4k page, system-wide physical 7101M (387M free)
TotalPageFile size 15438M (AvailPageFile size 2M)
current process WorkingSet (physical memory assigned to process): 726M, peak: 726M
current process commit charge ("private bytes"): 657M, peak: 1660M

vm_info: OpenJDK 64-Bit Server VM (21.0.7+6-LTS) for windows-amd64 JRE (21.0.7+6-LTS), built on 2025-04-15T00:00:00Z by "admin" with MS VC++ 17.7 (VS2022)

END.
